This is pdfTeX, Version 3.1415926-2.3-1.40.12 (TeX Live 2011) (format=pdflatex 2011.8.1)  2 JAN 2012 14:22
entering extended mode
 restricted \write18 enabled.
 %&-line parsing enabled.
**SelfHandbook.tex
(./SelfHandbook.tex
LaTeX2e <2009/09/24>
Babel <v3.8l> and hyphenation patterns for english, dumylang, nohyphenation, ge
rman-x-2009-06-19, ngerman-x-2009-06-19, afrikaans, ancientgreek, ibycus, arabi
c, armenian, basque, bulgarian, catalan, pinyin, coptic, croatian, czech, danis
h, dutch, ukenglish, usenglishmax, esperanto, estonian, ethiopic, farsi, finnis
h, french, galician, german, ngerman, swissgerman, monogreek, greek, hungarian,
 icelandic, assamese, bengali, gujarati, hindi, kannada, malayalam, marathi, or
iya, panjabi, tamil, telugu, indonesian, interlingua, irish, italian, kurmanji,
 lao, latin, latvian, lithuanian, mongolian, mongolianlmc, bokmal, nynorsk, pol
ish, portuguese, romanian, russian, sanskrit, serbian, serbianc, slovak, sloven
ian, spanish, swedish, turkish, turkmen, ukrainian, uppersorbian, welsh, loaded
.
(./sphinxmanual.cls
Document Class: sphinxmanual 2009/06/02 Document class (Sphinx manual)
(/usr/local/texlive/2011/texmf-dist/tex/latex/base/report.cls
Document Class: report 2007/10/19 v1.4h Standard LaTeX document class
(/usr/local/texlive/2011/texmf-dist/tex/latex/base/size10.clo
File: size10.clo 2007/10/19 v1.4h Standard LaTeX file (size option)
)
\c@part=\count79
\c@chapter=\count80
\c@section=\count81
\c@subsection=\count82
\c@subsubsection=\count83
\c@paragraph=\count84
\c@subparagraph=\count85
\c@figure=\count86
\c@table=\count87
\abovecaptionskip=\skip41
\belowcaptionskip=\skip42
\bibindent=\dimen102
))
(/usr/local/texlive/2011/texmf-dist/tex/latex/base/inputenc.sty
Package: inputenc 2008/03/30 v1.1d Input encoding file
\inpenc@prehook=\toks14
\inpenc@posthook=\toks15

(/usr/local/texlive/2011/texmf-dist/tex/latex/base/utf8.def
File: utf8.def 2008/04/05 v1.1m UTF-8 support for inputenc
Now handling font encoding OML ...
... no UTF-8 mapping file for font encoding OML
Now handling font encoding T1 ...
... processing UTF-8 mapping file for font encoding T1

(/usr/local/texlive/2011/texmf-dist/tex/latex/base/t1enc.dfu
File: t1enc.dfu 2008/04/05 v1.1m UTF-8 support for inputenc
   defining Unicode char U+00A1 (decimal 161)
   defining Unicode char U+00A3 (decimal 163)
   defining Unicode char U+00AB (decimal 171)
   defining Unicode char U+00BB (decimal 187)
   defining Unicode char U+00BF (decimal 191)
   defining Unicode char U+00C0 (decimal 192)
   defining Unicode char U+00C1 (decimal 193)
   defining Unicode char U+00C2 (decimal 194)
   defining Unicode char U+00C3 (decimal 195)
   defining Unicode char U+00C4 (decimal 196)
   defining Unicode char U+00C5 (decimal 197)
   defining Unicode char U+00C6 (decimal 198)
   defining Unicode char U+00C7 (decimal 199)
   defining Unicode char U+00C8 (decimal 200)
   defining Unicode char U+00C9 (decimal 201)
   defining Unicode char U+00CA (decimal 202)
   defining Unicode char U+00CB (decimal 203)
   defining Unicode char U+00CC (decimal 204)
   defining Unicode char U+00CD (decimal 205)
   defining Unicode char U+00CE (decimal 206)
   defining Unicode char U+00CF (decimal 207)
   defining Unicode char U+00D0 (decimal 208)
   defining Unicode char U+00D1 (decimal 209)
   defining Unicode char U+00D2 (decimal 210)
   defining Unicode char U+00D3 (decimal 211)
   defining Unicode char U+00D4 (decimal 212)
   defining Unicode char U+00D5 (decimal 213)
   defining Unicode char U+00D6 (decimal 214)
   defining Unicode char U+00D8 (decimal 216)
   defining Unicode char U+00D9 (decimal 217)
   defining Unicode char U+00DA (decimal 218)
   defining Unicode char U+00DB (decimal 219)
   defining Unicode char U+00DC (decimal 220)
   defining Unicode char U+00DD (decimal 221)
   defining Unicode char U+00DE (decimal 222)
   defining Unicode char U+00DF (decimal 223)
   defining Unicode char U+00E0 (decimal 224)
   defining Unicode char U+00E1 (decimal 225)
   defining Unicode char U+00E2 (decimal 226)
   defining Unicode char U+00E3 (decimal 227)
   defining Unicode char U+00E4 (decimal 228)
   defining Unicode char U+00E5 (decimal 229)
   defining Unicode char U+00E6 (decimal 230)
   defining Unicode char U+00E7 (decimal 231)
   defining Unicode char U+00E8 (decimal 232)
   defining Unicode char U+00E9 (decimal 233)
   defining Unicode char U+00EA (decimal 234)
   defining Unicode char U+00EB (decimal 235)
   defining Unicode char U+00EC (decimal 236)
   defining Unicode char U+00ED (decimal 237)
   defining Unicode char U+00EE (decimal 238)
   defining Unicode char U+00EF (decimal 239)
   defining Unicode char U+00F0 (decimal 240)
   defining Unicode char U+00F1 (decimal 241)
   defining Unicode char U+00F2 (decimal 242)
   defining Unicode char U+00F3 (decimal 243)
   defining Unicode char U+00F4 (decimal 244)
   defining Unicode char U+00F5 (decimal 245)
   defining Unicode char U+00F6 (decimal 246)
   defining Unicode char U+00F8 (decimal 248)
   defining Unicode char U+00F9 (decimal 249)
   defining Unicode char U+00FA (decimal 250)
   defining Unicode char U+00FB (decimal 251)
   defining Unicode char U+00FC (decimal 252)
   defining Unicode char U+00FD (decimal 253)
   defining Unicode char U+00FE (decimal 254)
   defining Unicode char U+00FF (decimal 255)
   defining Unicode char U+0102 (decimal 258)
   defining Unicode char U+0103 (decimal 259)
   defining Unicode char U+0104 (decimal 260)
   defining Unicode char U+0105 (decimal 261)
   defining Unicode char U+0106 (decimal 262)
   defining Unicode char U+0107 (decimal 263)
   defining Unicode char U+010C (decimal 268)
   defining Unicode char U+010D (decimal 269)
   defining Unicode char U+010E (decimal 270)
   defining Unicode char U+010F (decimal 271)
   defining Unicode char U+0110 (decimal 272)
   defining Unicode char U+0111 (decimal 273)
   defining Unicode char U+0118 (decimal 280)
   defining Unicode char U+0119 (decimal 281)
   defining Unicode char U+011A (decimal 282)
   defining Unicode char U+011B (decimal 283)
   defining Unicode char U+011E (decimal 286)
   defining Unicode char U+011F (decimal 287)
   defining Unicode char U+0130 (decimal 304)
   defining Unicode char U+0131 (decimal 305)
   defining Unicode char U+0132 (decimal 306)
   defining Unicode char U+0133 (decimal 307)
   defining Unicode char U+0139 (decimal 313)
   defining Unicode char U+013A (decimal 314)
   defining Unicode char U+013D (decimal 317)
   defining Unicode char U+013E (decimal 318)
   defining Unicode char U+0141 (decimal 321)
   defining Unicode char U+0142 (decimal 322)
   defining Unicode char U+0143 (decimal 323)
   defining Unicode char U+0144 (decimal 324)
   defining Unicode char U+0147 (decimal 327)
   defining Unicode char U+0148 (decimal 328)
   defining Unicode char U+014A (decimal 330)
   defining Unicode char U+014B (decimal 331)
   defining Unicode char U+0150 (decimal 336)
   defining Unicode char U+0151 (decimal 337)
   defining Unicode char U+0152 (decimal 338)
   defining Unicode char U+0153 (decimal 339)
   defining Unicode char U+0154 (decimal 340)
   defining Unicode char U+0155 (decimal 341)
   defining Unicode char U+0158 (decimal 344)
   defining Unicode char U+0159 (decimal 345)
   defining Unicode char U+015A (decimal 346)
   defining Unicode char U+015B (decimal 347)
   defining Unicode char U+015E (decimal 350)
   defining Unicode char U+015F (decimal 351)
   defining Unicode char U+0160 (decimal 352)
   defining Unicode char U+0161 (decimal 353)
   defining Unicode char U+0162 (decimal 354)
   defining Unicode char U+0163 (decimal 355)
   defining Unicode char U+0164 (decimal 356)
   defining Unicode char U+0165 (decimal 357)
   defining Unicode char U+016E (decimal 366)
   defining Unicode char U+016F (decimal 367)
   defining Unicode char U+0170 (decimal 368)
   defining Unicode char U+0171 (decimal 369)
   defining Unicode char U+0178 (decimal 376)
   defining Unicode char U+0179 (decimal 377)
   defining Unicode char U+017A (decimal 378)
   defining Unicode char U+017B (decimal 379)
   defining Unicode char U+017C (decimal 380)
   defining Unicode char U+017D (decimal 381)
   defining Unicode char U+017E (decimal 382)
   defining Unicode char U+200C (decimal 8204)
   defining Unicode char U+2013 (decimal 8211)
   defining Unicode char U+2014 (decimal 8212)
   defining Unicode char U+2018 (decimal 8216)
   defining Unicode char U+2019 (decimal 8217)
   defining Unicode char U+201A (decimal 8218)
   defining Unicode char U+201C (decimal 8220)
   defining Unicode char U+201D (decimal 8221)
   defining Unicode char U+201E (decimal 8222)
   defining Unicode char U+2030 (decimal 8240)
   defining Unicode char U+2031 (decimal 8241)
   defining Unicode char U+2039 (decimal 8249)
   defining Unicode char U+203A (decimal 8250)
   defining Unicode char U+2423 (decimal 9251)
)
Now handling font encoding OT1 ...
... processing UTF-8 mapping file for font encoding OT1

(/usr/local/texlive/2011/texmf-dist/tex/latex/base/ot1enc.dfu
File: ot1enc.dfu 2008/04/05 v1.1m UTF-8 support for inputenc
   defining Unicode char U+00A1 (decimal 161)
   defining Unicode char U+00A3 (decimal 163)
   defining Unicode char U+00B8 (decimal 184)
   defining Unicode char U+00BF (decimal 191)
   defining Unicode char U+00C5 (decimal 197)
   defining Unicode char U+00C6 (decimal 198)
   defining Unicode char U+00D8 (decimal 216)
   defining Unicode char U+00DF (decimal 223)
   defining Unicode char U+00E6 (decimal 230)
   defining Unicode char U+00EC (decimal 236)
   defining Unicode char U+00ED (decimal 237)
   defining Unicode char U+00EE (decimal 238)
   defining Unicode char U+00EF (decimal 239)
   defining Unicode char U+00F8 (decimal 248)
   defining Unicode char U+0131 (decimal 305)
   defining Unicode char U+0141 (decimal 321)
   defining Unicode char U+0142 (decimal 322)
   defining Unicode char U+0152 (decimal 338)
   defining Unicode char U+0153 (decimal 339)
   defining Unicode char U+2013 (decimal 8211)
   defining Unicode char U+2014 (decimal 8212)
   defining Unicode char U+2018 (decimal 8216)
   defining Unicode char U+2019 (decimal 8217)
   defining Unicode char U+201C (decimal 8220)
   defining Unicode char U+201D (decimal 8221)
)
Now handling font encoding OMS ...
... processing UTF-8 mapping file for font encoding OMS

(/usr/local/texlive/2011/texmf-dist/tex/latex/base/omsenc.dfu
File: omsenc.dfu 2008/04/05 v1.1m UTF-8 support for inputenc
   defining Unicode char U+00A7 (decimal 167)
   defining Unicode char U+00B6 (decimal 182)
   defining Unicode char U+00B7 (decimal 183)
   defining Unicode char U+2020 (decimal 8224)
   defining Unicode char U+2021 (decimal 8225)
   defining Unicode char U+2022 (decimal 8226)
)
Now handling font encoding OMX ...
... no UTF-8 mapping file for font encoding OMX
Now handling font encoding U ...
... no UTF-8 mapping file for font encoding U
   defining Unicode char U+00A9 (decimal 169)
   defining Unicode char U+00AA (decimal 170)
   defining Unicode char U+00AE (decimal 174)
   defining Unicode char U+00BA (decimal 186)
   defining Unicode char U+02C6 (decimal 710)
   defining Unicode char U+02DC (decimal 732)
   defining Unicode char U+200C (decimal 8204)
   defining Unicode char U+2026 (decimal 8230)
   defining Unicode char U+2122 (decimal 8482)
   defining Unicode char U+2423 (decimal 9251)
))
   defining Unicode char U+00A0 (decimal 160)

(/usr/local/texlive/2011/texmf-dist/tex/latex/base/fontenc.sty
Package: fontenc 2005/09/27 v1.99g Standard LaTeX package

(/usr/local/texlive/2011/texmf-dist/tex/latex/base/t1enc.def
File: t1enc.def 2005/09/27 v1.99g Standard LaTeX file
LaTeX Font Info:    Redeclaring font encoding T1 on input line 43.
))
(/usr/local/texlive/2011/texmf-dist/tex/generic/babel/babel.sty
Package: babel 2008/07/06 v3.8l The Babel package

(/usr/local/texlive/2011/texmf-dist/tex/generic/babel/english.ldf
Language: english 2005/03/30 v3.3o English support from the babel system

(/usr/local/texlive/2011/texmf-dist/tex/generic/babel/babel.def
File: babel.def 2008/07/06 v3.8l Babel common definitions
\babel@savecnt=\count88
\U@D=\dimen103
)
\l@canadian = a dialect from \language\l@american 
\l@australian = a dialect from \language\l@british 
\l@newzealand = a dialect from \language\l@british 
))
(/usr/local/texlive/2011/texmf-dist/tex/latex/psnfss/times.sty
Package: times 2005/04/12 PSNFSS-v9.2a (SPQR) 
) (./fncychap.sty
Package: fncychap 2007/07/30 v1.34 LaTeX package (Revised chapters)
\RW=\skip43
\mylen=\skip44
\myhi=\skip45
\px=\skip46
\py=\skip47
\pyy=\skip48
\pxx=\skip49
\c@AlphaCnt=\count89
\c@AlphaDecCnt=\count90
) (/usr/local/texlive/2011/texmf-dist/tex/latex/tools/longtable.sty
Package: longtable 2004/02/01 v4.11 Multi-page Table package (DPC)
\LTleft=\skip50
\LTright=\skip51
\LTpre=\skip52
\LTpost=\skip53
\LTchunksize=\count91
\LTcapwidth=\dimen104
\LT@head=\box26
\LT@firsthead=\box27
\LT@foot=\box28
\LT@lastfoot=\box29
\LT@cols=\count92
\LT@rows=\count93
\c@LT@tables=\count94
\c@LT@chunks=\count95
\LT@p@ftn=\toks16
)
(./sphinx.sty
Package: sphinx 2010/01/15 LaTeX package (Sphinx markup)
 (/usr/local/texlive/2011/texmf-dist/tex/latex/base/textcomp.sty
Package: textcomp 2005/09/27 v1.99g Standard LaTeX package
Package textcomp Info: Sub-encoding information:
(textcomp)               5 = only ISO-Adobe without \textcurrency
(textcomp)               4 = 5 + \texteuro
(textcomp)               3 = 4 + \textohm
(textcomp)               2 = 3 + \textestimated + \textcurrency
(textcomp)               1 = TS1 - \textcircled - \t
(textcomp)               0 = TS1 (full)
(textcomp)             Font families with sub-encoding setting implement
(textcomp)             only a restricted character set as indicated.
(textcomp)             Family '?' is the default used for unknown fonts.
(textcomp)             See the documentation for details.
Package textcomp Info: Setting ? sub-encoding to TS1/1 on input line 71.

(/usr/local/texlive/2011/texmf-dist/tex/latex/base/ts1enc.def
File: ts1enc.def 2001/06/05 v3.0e (jk/car/fm) Standard LaTeX file
Now handling font encoding TS1 ...
... processing UTF-8 mapping file for font encoding TS1

(/usr/local/texlive/2011/texmf-dist/tex/latex/base/ts1enc.dfu
File: ts1enc.dfu 2008/04/05 v1.1m UTF-8 support for inputenc
   defining Unicode char U+00A2 (decimal 162)
   defining Unicode char U+00A3 (decimal 163)
   defining Unicode char U+00A4 (decimal 164)
   defining Unicode char U+00A5 (decimal 165)
   defining Unicode char U+00A6 (decimal 166)
   defining Unicode char U+00A7 (decimal 167)
   defining Unicode char U+00A8 (decimal 168)
   defining Unicode char U+00A9 (decimal 169)
   defining Unicode char U+00AA (decimal 170)
   defining Unicode char U+00AC (decimal 172)
   defining Unicode char U+00AE (decimal 174)
   defining Unicode char U+00AF (decimal 175)
   defining Unicode char U+00B0 (decimal 176)
   defining Unicode char U+00B1 (decimal 177)
   defining Unicode char U+00B2 (decimal 178)
   defining Unicode char U+00B3 (decimal 179)
   defining Unicode char U+00B4 (decimal 180)
   defining Unicode char U+00B5 (decimal 181)
   defining Unicode char U+00B6 (decimal 182)
   defining Unicode char U+00B7 (decimal 183)
   defining Unicode char U+00B9 (decimal 185)
   defining Unicode char U+00BA (decimal 186)
   defining Unicode char U+00BC (decimal 188)
   defining Unicode char U+00BD (decimal 189)
   defining Unicode char U+00BE (decimal 190)
   defining Unicode char U+00D7 (decimal 215)
   defining Unicode char U+00F7 (decimal 247)
   defining Unicode char U+0192 (decimal 402)
   defining Unicode char U+02C7 (decimal 711)
   defining Unicode char U+02D8 (decimal 728)
   defining Unicode char U+02DD (decimal 733)
   defining Unicode char U+0E3F (decimal 3647)
   defining Unicode char U+2016 (decimal 8214)
   defining Unicode char U+2020 (decimal 8224)
   defining Unicode char U+2021 (decimal 8225)
   defining Unicode char U+2022 (decimal 8226)
   defining Unicode char U+2030 (decimal 8240)
   defining Unicode char U+2031 (decimal 8241)
   defining Unicode char U+203B (decimal 8251)
   defining Unicode char U+203D (decimal 8253)
   defining Unicode char U+2044 (decimal 8260)
   defining Unicode char U+204E (decimal 8270)
   defining Unicode char U+2052 (decimal 8274)
   defining Unicode char U+20A1 (decimal 8353)
   defining Unicode char U+20A4 (decimal 8356)
   defining Unicode char U+20A6 (decimal 8358)
   defining Unicode char U+20A9 (decimal 8361)
   defining Unicode char U+20AB (decimal 8363)
   defining Unicode char U+20AC (decimal 8364)
   defining Unicode char U+20B1 (decimal 8369)
   defining Unicode char U+2103 (decimal 8451)
   defining Unicode char U+2116 (decimal 8470)
   defining Unicode char U+2117 (decimal 8471)
   defining Unicode char U+211E (decimal 8478)
   defining Unicode char U+2120 (decimal 8480)
   defining Unicode char U+2122 (decimal 8482)
   defining Unicode char U+2126 (decimal 8486)
   defining Unicode char U+2127 (decimal 8487)
   defining Unicode char U+212E (decimal 8494)
   defining Unicode char U+2190 (decimal 8592)
   defining Unicode char U+2191 (decimal 8593)
   defining Unicode char U+2192 (decimal 8594)
   defining Unicode char U+2193 (decimal 8595)
   defining Unicode char U+2329 (decimal 9001)
   defining Unicode char U+232A (decimal 9002)
   defining Unicode char U+2422 (decimal 9250)
   defining Unicode char U+25E6 (decimal 9702)
   defining Unicode char U+25EF (decimal 9711)
   defining Unicode char U+266A (decimal 9834)
))
LaTeX Info: Redefining \oldstylenums on input line 266.
Package textcomp Info: Setting cmr sub-encoding to TS1/0 on input line 281.
Package textcomp Info: Setting cmss sub-encoding to TS1/0 on input line 282.
Package textcomp Info: Setting cmtt sub-encoding to TS1/0 on input line 283.
Package textcomp Info: Setting cmvtt sub-encoding to TS1/0 on input line 284.
Package textcomp Info: Setting cmbr sub-encoding to TS1/0 on input line 285.
Package textcomp Info: Setting cmtl sub-encoding to TS1/0 on input line 286.
Package textcomp Info: Setting ccr sub-encoding to TS1/0 on input line 287.
Package textcomp Info: Setting ptm sub-encoding to TS1/4 on input line 288.
Package textcomp Info: Setting pcr sub-encoding to TS1/4 on input line 289.
Package textcomp Info: Setting phv sub-encoding to TS1/4 on input line 290.
Package textcomp Info: Setting ppl sub-encoding to TS1/3 on input line 291.
Package textcomp Info: Setting pag sub-encoding to TS1/4 on input line 292.
Package textcomp Info: Setting pbk sub-encoding to TS1/4 on input line 293.
Package textcomp Info: Setting pnc sub-encoding to TS1/4 on input line 294.
Package textcomp Info: Setting pzc sub-encoding to TS1/4 on input line 295.
Package textcomp Info: Setting bch sub-encoding to TS1/4 on input line 296.
Package textcomp Info: Setting put sub-encoding to TS1/5 on input line 297.
Package textcomp Info: Setting uag sub-encoding to TS1/5 on input line 298.
Package textcomp Info: Setting ugq sub-encoding to TS1/5 on input line 299.
Package textcomp Info: Setting ul8 sub-encoding to TS1/4 on input line 300.
Package textcomp Info: Setting ul9 sub-encoding to TS1/4 on input line 301.
Package textcomp Info: Setting augie sub-encoding to TS1/5 on input line 302.
Package textcomp Info: Setting dayrom sub-encoding to TS1/3 on input line 303.
Package textcomp Info: Setting dayroms sub-encoding to TS1/3 on input line 304.

Package textcomp Info: Setting pxr sub-encoding to TS1/0 on input line 305.
Package textcomp Info: Setting pxss sub-encoding to TS1/0 on input line 306.
Package textcomp Info: Setting pxtt sub-encoding to TS1/0 on input line 307.
Package textcomp Info: Setting txr sub-encoding to TS1/0 on input line 308.
Package textcomp Info: Setting txss sub-encoding to TS1/0 on input line 309.
Package textcomp Info: Setting txtt sub-encoding to TS1/0 on input line 310.
Package textcomp Info: Setting futs sub-encoding to TS1/4 on input line 311.
Package textcomp Info: Setting futx sub-encoding to TS1/4 on input line 312.
Package textcomp Info: Setting futj sub-encoding to TS1/4 on input line 313.
Package textcomp Info: Setting hlh sub-encoding to TS1/3 on input line 314.
Package textcomp Info: Setting hls sub-encoding to TS1/3 on input line 315.
Package textcomp Info: Setting hlst sub-encoding to TS1/3 on input line 316.
Package textcomp Info: Setting hlct sub-encoding to TS1/5 on input line 317.
Package textcomp Info: Setting hlx sub-encoding to TS1/5 on input line 318.
Package textcomp Info: Setting hlce sub-encoding to TS1/5 on input line 319.
Package textcomp Info: Setting hlcn sub-encoding to TS1/5 on input line 320.
Package textcomp Info: Setting hlcw sub-encoding to TS1/5 on input line 321.
Package textcomp Info: Setting hlcf sub-encoding to TS1/5 on input line 322.
Package textcomp Info: Setting pplx sub-encoding to TS1/3 on input line 323.
Package textcomp Info: Setting pplj sub-encoding to TS1/3 on input line 324.
Package textcomp Info: Setting ptmx sub-encoding to TS1/4 on input line 325.
Package textcomp Info: Setting ptmj sub-encoding to TS1/4 on input line 326.
)
(/usr/local/texlive/2011/texmf-dist/tex/latex/fancyhdr/fancyhdr.sty
\fancy@headwidth=\skip54
\f@ncyO@elh=\skip55
\f@ncyO@erh=\skip56
\f@ncyO@olh=\skip57
\f@ncyO@orh=\skip58
\f@ncyO@elf=\skip59
\f@ncyO@erf=\skip60
\f@ncyO@olf=\skip61
\f@ncyO@orf=\skip62
)
(/usr/local/texlive/2011/texmf-dist/tex/latex/fancybox/fancybox.sty
Package: fancybox 2010/05/15 1.4

Style option: `fancybox' v1.4 <2010/05/15> (tvz)
\@fancybox=\box30
\shadowsize=\dimen105
\@Sbox=\box31
\do@VerbBox=\toks17
\the@fancyput=\toks18
\this@fancyput=\toks19
\EndVerbatimTokens=\toks20
\Verbatim@Outfile=\write3
\Verbatim@Infile=\read1
) (/usr/local/texlive/2011/texmf-dist/tex/latex/titlesec/titlesec.sty
Package: titlesec 2007/08/12 v2.8 Sectioning titles
\ttl@box=\box32
\beforetitleunit=\skip63
\aftertitleunit=\skip64
\ttl@plus=\dimen106
\ttl@minus=\dimen107
\ttl@toksa=\toks21
\titlewidth=\dimen108
\titlewidthlast=\dimen109
\titlewidthfirst=\dimen110
)
(./tabulary.sty
Package: tabulary 2007/10/02 v0.9 tabulary package (DPC)
 (/usr/local/texlive/2011/texmf-dist/tex/latex/tools/array.sty
Package: array 2008/09/09 v2.4c Tabular extension package (FMi)
\col@sep=\dimen111
\extrarowheight=\dimen112
\NC@list=\toks22
\extratabsurround=\skip65
\backup@length=\skip66
)
\TY@count=\count96
\TY@linewidth=\dimen113
\tymin=\dimen114
\tymax=\dimen115
\TY@tablewidth=\dimen116
) (/usr/local/texlive/2011/texmf-dist/tex/latex/amsmath/amsmath.sty
Package: amsmath 2000/07/18 v2.13 AMS math features
\@mathmargin=\skip67

For additional information on amsmath, use the `?' option.
(/usr/local/texlive/2011/texmf-dist/tex/latex/amsmath/amstext.sty
Package: amstext 2000/06/29 v2.01

(/usr/local/texlive/2011/texmf-dist/tex/latex/amsmath/amsgen.sty
File: amsgen.sty 1999/11/30 v2.0
\@emptytoks=\toks23
\ex@=\dimen117
))
(/usr/local/texlive/2011/texmf-dist/tex/latex/amsmath/amsbsy.sty
Package: amsbsy 1999/11/29 v1.2d
\pmbraise@=\dimen118
)
(/usr/local/texlive/2011/texmf-dist/tex/latex/amsmath/amsopn.sty
Package: amsopn 1999/12/14 v2.01 operator names
)
\inf@bad=\count97
LaTeX Info: Redefining \frac on input line 211.
\uproot@=\count98
\leftroot@=\count99
LaTeX Info: Redefining \overline on input line 307.
\classnum@=\count100
\DOTSCASE@=\count101
LaTeX Info: Redefining \ldots on input line 379.
LaTeX Info: Redefining \dots on input line 382.
LaTeX Info: Redefining \cdots on input line 467.
\Mathstrutbox@=\box33
\strutbox@=\box34
\big@size=\dimen119
LaTeX Font Info:    Redeclaring font encoding OML on input line 567.
LaTeX Font Info:    Redeclaring font encoding OMS on input line 568.
\macc@depth=\count102
\c@MaxMatrixCols=\count103
\dotsspace@=\muskip10
\c@parentequation=\count104
\dspbrk@lvl=\count105
\tag@help=\toks24
\row@=\count106
\column@=\count107
\maxfields@=\count108
\andhelp@=\toks25
\eqnshift@=\dimen120
\alignsep@=\dimen121
\tagshift@=\dimen122
\tagwidth@=\dimen123
\totwidth@=\dimen124
\lineht@=\dimen125
\@envbody=\toks26
\multlinegap=\skip68
\multlinetaggap=\skip69
\mathdisplay@stack=\toks27
LaTeX Info: Redefining \[ on input line 2666.
LaTeX Info: Redefining \] on input line 2667.
)
(/usr/local/texlive/2011/texmf-dist/tex/latex/base/makeidx.sty
Package: makeidx 2000/03/29 v1.0m Standard LaTeX package
)
(/usr/local/texlive/2011/texmf-dist/tex/latex/framed/framed.sty
Package: framed 2007/10/04 v 0.95: framed or shaded text with page breaks
\fb@frw=\dimen126
\fb@frh=\dimen127
\FrameRule=\dimen128
\FrameSep=\dimen129
)
(/usr/local/texlive/2011/texmf-dist/tex/latex/base/ifthen.sty
Package: ifthen 2001/05/26 v1.1c Standard LaTeX ifthen package (DPC)
)
(/usr/local/texlive/2011/texmf-dist/tex/latex/graphics/color.sty
Package: color 2005/11/14 v1.0j Standard LaTeX Color (DPC)

(/usr/local/texlive/2011/texmf-dist/tex/latex/latexconfig/color.cfg
File: color.cfg 2007/01/18 v1.5 color configuration of teTeX/TeXLive
)
Package color Info: Driver file: pdftex.def on input line 130.

(/usr/local/texlive/2011/texmf-dist/tex/latex/pdftex-def/pdftex.def
File: pdftex.def 2011/05/27 v0.06d Graphics/color for pdfTeX

(/usr/local/texlive/2011/texmf-dist/tex/generic/oberdiek/infwarerr.sty
Package: infwarerr 2010/04/08 v1.3 Providing info/warning/message (HO)
)
(/usr/local/texlive/2011/texmf-dist/tex/generic/oberdiek/ltxcmds.sty
Package: ltxcmds 2011/04/18 v1.20 LaTeX kernel commands for general use (HO)
)
\Gread@gobject=\count109
))
(/usr/local/texlive/2011/texmf-dist/tex/latex/fancyvrb/fancyvrb.sty
Package: fancyvrb 2008/02/07

Style option: `fancyvrb' v2.7a, with DG/SPQR fixes, and firstline=lastline fix 
<2008/02/07> (tvz)
(/usr/local/texlive/2011/texmf-dist/tex/latex/graphics/keyval.sty
Package: keyval 1999/03/16 v1.13 key=value parser (DPC)
\KV@toks@=\toks28
)
\FV@CodeLineNo=\count110
\FV@InFile=\read2
\FV@TabBox=\box35
\c@FancyVerbLine=\count111
\FV@StepNumber=\count112
\FV@OutFile=\write4
)
(/usr/local/texlive/2011/texmf-dist/tex/latex/threeparttable/threeparttable.sty
Package: threeparttable 2003/06/13  v 3.0
\@tempboxb=\box36
) (/usr/local/texlive/2011/texmf-dist/tex/latex/mdwtools/footnote.sty
Package: footnote 1997/01/28 1.13 Save footnotes around boxes
\fn@notes=\box37
\fn@width=\dimen130
)
(/usr/local/texlive/2011/texmf-dist/tex/latex/wrapfig/wrapfig.sty
\wrapoverhang=\dimen131
\WF@size=\dimen132
\c@WF@wrappedlines=\count113
\WF@box=\box38
\WF@everypar=\toks29
Package: wrapfig 2003/01/31  v 3.6
)
(/usr/local/texlive/2011/texmf-dist/tex/latex/parskip/parskip.sty
Package: parskip 2001/04/09 non-zero parskip adjustments
)
(/usr/local/texlive/2011/texmf-dist/tex/latex/graphics/graphicx.sty
Package: graphicx 1999/02/16 v1.0f Enhanced LaTeX Graphics (DPC,SPQR)

(/usr/local/texlive/2011/texmf-dist/tex/latex/graphics/graphics.sty
Package: graphics 2009/02/05 v1.0o Standard LaTeX Graphics (DPC,SPQR)

(/usr/local/texlive/2011/texmf-dist/tex/latex/graphics/trig.sty
Package: trig 1999/03/16 v1.09 sin cos tan (DPC)
)
(/usr/local/texlive/2011/texmf-dist/tex/latex/latexconfig/graphics.cfg
File: graphics.cfg 2010/04/23 v1.9 graphics configuration of TeX Live
)
Package graphics Info: Driver file: pdftex.def on input line 91.
)
\Gin@req@height=\dimen133
\Gin@req@width=\dimen134
)
(/usr/local/texlive/2011/texmf-dist/tex/plain/misc/pdfcolor.tex)
\distancetoright=\skip70
\py@argswidth=\skip71
\py@noticelength=\skip72
\lineblockindentation=\skip73
\image@box=\box39
\image@width=\dimen135

(/usr/local/texlive/2011/texmf-dist/tex/latex/hyperref/hyperref.sty
Package: hyperref 2011/04/17 v6.82g Hypertext links for LaTeX

(/usr/local/texlive/2011/texmf-dist/tex/generic/oberdiek/hobsub-hyperref.sty
Package: hobsub-hyperref 2011/04/23 v1.4 Bundle oberdiek, subset hyperref (HO)

(/usr/local/texlive/2011/texmf-dist/tex/generic/oberdiek/hobsub-generic.sty
Package: hobsub-generic 2011/04/23 v1.4 Bundle oberdiek, subset generic (HO)
Package: hobsub 2011/04/23 v1.4 Subsetting bundle oberdiek (HO)
Package hobsub Info: Skipping package `infwarerr' (already loaded).
Package hobsub Info: Skipping package `ltxcmds' (already loaded).
Package: ifluatex 2010/03/01 v1.3 Provides the ifluatex switch (HO)
Package ifluatex Info: LuaTeX not detected.
Package: ifvtex 2010/03/01 v1.5 Switches for detecting VTeX and its modes (HO)
Package ifvtex Info: VTeX not detected.
Package: intcalc 2007/09/27 v1.1 Expandable integer calculations (HO)
Package: ifpdf 2011/01/30 v2.3 Provides the ifpdf switch (HO)
Package ifpdf Info: pdfTeX in PDF mode is detected.
Package: etexcmds 2011/02/16 v1.5 Prefix for e-TeX command names (HO)
Package etexcmds Info: Could not find \expanded.
(etexcmds)             That can mean that you are not using pdfTeX 1.50 or
(etexcmds)             that some package has redefined \expanded.
(etexcmds)             In the latter case, load this package earlier.
Package: kvsetkeys 2011/04/07 v1.13 Key value parser (HO)
Package: kvdefinekeys 2011/04/07 v1.3 Defining keys (HO)
Package: pdftexcmds 2011/04/22 v0.16 Utilities of pdfTeX for LuaTeX (HO)
Package pdftexcmds Info: LuaTeX not detected.
Package pdftexcmds Info: \pdf@primitive is available.
Package pdftexcmds Info: \pdf@ifprimitive is available.
Package pdftexcmds Info: \pdfdraftmode found.
Package: pdfescape 2011/04/04 v1.12 Provides string conversions (HO)
Package: bigintcalc 2011/01/30 v1.2 Expandable big integer calculations (HO)
Package: bitset 2011/01/30 v1.1 Data type bit set (HO)
Package: uniquecounter 2011/01/30 v1.2 Provides unlimited unique counter (HO)
)
Package hobsub Info: Skipping package `hobsub' (already loaded).
Package: letltxmacro 2010/09/02 v1.4 Let assignment for LaTeX macros (HO)
Package: hopatch 2011/01/30 v1.0 Wrapper for package hooks (HO)
Package: xcolor-patch 2011/01/30 xcolor patch
Package: atveryend 2011/04/23 v1.7 Hooks at very end of document (HO)
Package atveryend Info: \enddocument detected (standard).
Package: atbegshi 2011/01/30 v1.15 At begin shipout hook (HO)
Package: refcount 2010/12/01 v3.2 Data extraction from references (HO)
Package: hycolor 2011/01/30 v1.7 Color options of hyperref/bookmark (HO)
)
(/usr/local/texlive/2011/texmf-dist/tex/generic/ifxetex/ifxetex.sty
Package: ifxetex 2010/09/12 v0.6 Provides ifxetex conditional
)
(/usr/local/texlive/2011/texmf-dist/tex/latex/oberdiek/kvoptions.sty
Package: kvoptions 2010/12/23 v3.10 Keyval support for LaTeX options (HO)
)
\@linkdim=\dimen136
\Hy@linkcounter=\count114
\Hy@pagecounter=\count115

(/usr/local/texlive/2011/texmf-dist/tex/latex/hyperref/pd1enc.def
File: pd1enc.def 2011/04/17 v6.82g Hyperref: PDFDocEncoding definition (HO)
Now handling font encoding PD1 ...
... no UTF-8 mapping file for font encoding PD1
)
\Hy@SavedSpaceFactor=\count116

(/usr/local/texlive/2011/texmf-dist/tex/latex/latexconfig/hyperref.cfg
File: hyperref.cfg 2002/06/06 v1.2 hyperref configuration of TeXLive
)
Package hyperref Info: Option `colorlinks' set `true' on input line 3905.
Package hyperref Info: Option `breaklinks' set `true' on input line 3905.
Package hyperref Info: Hyper figures OFF on input line 4026.
Package hyperref Info: Link nesting OFF on input line 4031.
Package hyperref Info: Hyper index ON on input line 4034.
Package hyperref Info: Plain pages OFF on input line 4041.
Package hyperref Info: Backreferencing OFF on input line 4046.
Package hyperref Info: Implicit mode ON; LaTeX internals redefined.
Package hyperref Info: Bookmarks ON on input line 4264.
\c@Hy@tempcnt=\count117

(/usr/local/texlive/2011/texmf-dist/tex/latex/url/url.sty
\Urlmuskip=\muskip11
Package: url 2006/04/12  ver 3.3  Verb mode for urls, etc.
)
LaTeX Info: Redefining \url on input line 4617.
\Fld@menulength=\count118
\Field@Width=\dimen137
\Fld@charsize=\dimen138
Package hyperref Info: Hyper figures OFF on input line 5701.
Package hyperref Info: Link nesting OFF on input line 5706.
Package hyperref Info: Hyper index ON on input line 5709.
Package hyperref Info: backreferencing OFF on input line 5716.
Package hyperref Info: Link coloring ON on input line 5719.
Package hyperref Info: Link coloring with OCG OFF on input line 5726.
Package hyperref Info: PDF/A mode OFF on input line 5731.
LaTeX Info: Redefining \ref on input line 5771.
LaTeX Info: Redefining \pageref on input line 5775.
\Hy@abspage=\count119
\c@Item=\count120
\c@Hfootnote=\count121
)

Package hyperref Message: Driver (autodetected): hpdftex.

(/usr/local/texlive/2011/texmf-dist/tex/latex/hyperref/hpdftex.def
File: hpdftex.def 2011/04/17 v6.82g Hyperref driver for pdfTeX
\Fld@listcount=\count122
\c@bookmark@seq@number=\count123

(/usr/local/texlive/2011/texmf-dist/tex/latex/oberdiek/rerunfilecheck.sty
Package: rerunfilecheck 2011/04/15 v1.7 Rerun checks for auxiliary files (HO)
Package uniquecounter Info: New unique counter `rerunfilecheck' on input line 2
82.
)
\Hy@SectionHShift=\skip74
)
(/usr/local/texlive/2011/texmf-dist/tex/latex/oberdiek/hypcap.sty
Package: hypcap 2011/02/16 v1.11 Adjusting anchors of captions (HO)
)
\DUlineblockindent=\skip75
)
(/usr/local/texlive/2011/texmf-dist/tex/latex/multirow/multirow.sty
\bigstrutjot=\dimen139
)
\@indexfile=\write5
\openout5 = `SelfHandbook.idx'.


Writing index file SelfHandbook.idx
No file SelfHandbook.aux.
\openout1 = `SelfHandbook.aux'.

LaTeX Font Info:    Checking defaults for OML/cmm/m/it on input line 110.
LaTeX Font Info:    ... okay on input line 110.
LaTeX Font Info:    Checking defaults for T1/cmr/m/n on input line 110.
LaTeX Font Info:    ... okay on input line 110.
LaTeX Font Info:    Checking defaults for OT1/cmr/m/n on input line 110.
LaTeX Font Info:    ... okay on input line 110.
LaTeX Font Info:    Checking defaults for OMS/cmsy/m/n on input line 110.
LaTeX Font Info:    ... okay on input line 110.
LaTeX Font Info:    Checking defaults for OMX/cmex/m/n on input line 110.
LaTeX Font Info:    ... okay on input line 110.
LaTeX Font Info:    Checking defaults for U/cmr/m/n on input line 110.
LaTeX Font Info:    ... okay on input line 110.
LaTeX Font Info:    Checking defaults for TS1/cmr/m/n on input line 110.
LaTeX Font Info:    Try loading font information for TS1+cmr on input line 110.

(/usr/local/texlive/2011/texmf-dist/tex/latex/base/ts1cmr.fd
File: ts1cmr.fd 1999/05/25 v2.5h Standard LaTeX font definitions
)
LaTeX Font Info:    ... okay on input line 110.
LaTeX Font Info:    Checking defaults for PD1/pdf/m/n on input line 110.
LaTeX Font Info:    ... okay on input line 110.
LaTeX Font Info:    Try loading font information for T1+ptm on input line 110.

(/usr/local/texlive/2011/texmf-dist/tex/latex/psnfss/t1ptm.fd
File: t1ptm.fd 2001/06/04 font definitions for T1/ptm.
)
(/usr/local/texlive/2011/texmf-dist/tex/context/base/supp-pdf.mkii
[Loading MPS to PDF converter (version 2006.09.02).]
\scratchcounter=\count124
\scratchdimen=\dimen140
\scratchbox=\box40
\nofMPsegments=\count125
\nofMParguments=\count126
\everyMPshowfont=\toks30
\MPscratchCnt=\count127
\MPscratchDim=\dimen141
\MPnumerator=\count128
\makeMPintoPDFobject=\count129
\everyMPtoPDFconversion=\toks31
) (/usr/local/texlive/2011/texmf-dist/tex/latex/oberdiek/epstopdf-base.sty
Package: epstopdf-base 2010/02/09 v2.5 Base part for package epstopdf

(/usr/local/texlive/2011/texmf-dist/tex/latex/oberdiek/grfext.sty
Package: grfext 2010/08/19 v1.1 Managing graphics extensions (HO)
)
Package grfext Info: Graphics extension search list:
(grfext)             [.png,.pdf,.jpg,.mps,.jpeg,.jbig2,.jb2,.PNG,.PDF,.JPG,.JPE
G,.JBIG2,.JB2,.eps]
(grfext)             \AppendGraphicsExtensions on input line 452.

(/usr/local/texlive/2011/texmf-dist/tex/latex/latexconfig/epstopdf-sys.cfg
File: epstopdf-sys.cfg 2010/07/13 v1.3 Configuration of (r)epstopdf for TeX Liv
e
))
\AtBeginShipoutBox=\box41
Package hyperref Info: Link coloring ON on input line 110.

(/usr/local/texlive/2011/texmf-dist/tex/latex/hyperref/nameref.sty
Package: nameref 2010/04/30 v2.40 Cross-referencing by name of section

(/usr/local/texlive/2011/texmf-dist/tex/generic/oberdiek/gettitlestring.sty
Package: gettitlestring 2010/12/03 v1.4 Cleanup title references (HO)
)
\c@section@level=\count130
)
LaTeX Info: Redefining \ref on input line 110.
LaTeX Info: Redefining \pageref on input line 110.
LaTeX Info: Redefining \nameref on input line 110.
\@outlinefile=\write6
\openout6 = `SelfHandbook.out'.


Underfull \hbox (badness 10000) in paragraph at lines 113--113

 []

LaTeX Font Info:    Try loading font information for T1+phv on input line 113.
(/usr/local/texlive/2011/texmf-dist/tex/latex/psnfss/t1phv.fd
File: t1phv.fd 2001/06/04 scalable font definitions for T1/phv.
)
LaTeX Font Info:    Font shape `T1/phv/bx/n' in size <24.88> not available
(Font)              Font shape `T1/phv/b/n' tried instead on input line 113.
LaTeX Font Info:    Font shape `T1/phv/m/it' in size <17.28> not available
(Font)              Font shape `T1/phv/m/sl' tried instead on input line 113.
LaTeX Font Info:    Font shape `T1/phv/bx/it' in size <17.28> not available
(Font)              Font shape `T1/phv/b/it' tried instead on input line 113.
LaTeX Font Info:    Font shape `T1/phv/b/it' in size <17.28> not available
(Font)              Font shape `T1/phv/b/sl' tried instead on input line 113.
LaTeX Font Info:    Font shape `T1/phv/bx/n' in size <17.28> not available
(Font)              Font shape `T1/phv/b/n' tried instead on input line 113.
 [1

{/usr/local/texlive/2011/texmf-var/fonts/map/pdftex/updmap/pdftex.map}] [2

]
\tf@toc=\write7
\openout7 = `SelfHandbook.toc'.


Adding blank page after the table of contents.
LaTeX Font Info:    Font shape `T1/phv/bx/n' in size <10> not available
(Font)              Font shape `T1/phv/b/n' tried instead on input line 113.
pdfTeX warning (ext4): destination with the same identifier (name{page.i}) has 
been already used, duplicate ignored
<to be read again> 
                   \relax 
l.113 \tableofcontents
                       [1

]pdfTeX warning (ext4): destination with the same identifier (name{page.ii}) ha
s been already used, duplicate ignored
<to be read again> 
                   \relax 
l.113 \tableofcontents
                       [2]
LaTeX Font Info:    Font shape `T1/ptm/bx/n' in size <10> not available
(Font)              Font shape `T1/ptm/b/n' tried instead on input line 117.
 [1

] [2

]
Chapter 1.
LaTeX Font Info:    Font shape `T1/phv/bx/n' in size <14.4> not available
(Font)              Font shape `T1/phv/b/n' tried instead on input line 132.
<Chapter_1_Figure_1.png, id=34, 298.11375pt x 89.33376pt>
File: Chapter_1_Figure_1.png Graphic file (type png)

<use Chapter_1_Figure_1.png>
Package pdftex.def Info: Chapter_1_Figure_1.png used on input line 159.
(pdftex.def)             Requested size: 298.11302pt x 89.33353pt.
File: Chapter_1_Figure_1.png Graphic file (type png)
 <use Chapter_1_Figure_1.png>
Package pdftex.def Info: Chapter_1_Figure_1.png used on input line 159.
(pdftex.def)             Requested size: 298.11302pt x 89.33353pt.

<Chapter_1_Figure_2.png, id=35, 682.55pt x 261.97874pt>
File: Chapter_1_Figure_2.png Graphic file (type png)

<use Chapter_1_Figure_2.png>
Package pdftex.def Info: Chapter_1_Figure_2.png used on input line 166.
(pdftex.def)             Requested size: 682.54834pt x 261.9781pt.
File: Chapter_1_Figure_2.png Graphic file (type png)
 <use Chapter_1_Figure_2.png>
Package pdftex.def Info: Chapter_1_Figure_2.png used on input line 166.
(pdftex.def)             Requested size: 469.755pt x 180.30582pt.
 [3 <./Chapter_1_Figure_1.png>]

LaTeX Warning: Hyper reference `ref:citations' on page 4 undefined on input lin
e 172.


LaTeX Warning: Hyper reference `ref:citations' on page 4 undefined on input lin
e 176.


LaTeX Warning: Hyper reference `ref:citations' on page 4 undefined on input lin
e 176.

[4 <./Chapter_1_Figure_2.png>]
Chapter 2.

LaTeX Warning: Hyper reference `ref:citations' on page 5 undefined on input lin
e 184.

LaTeX Font Info:    Font shape `T1/phv/bx/n' in size <12> not available
(Font)              Font shape `T1/phv/b/n' tried instead on input line 259.
LaTeX Font Info:    Try loading font information for T1+pcr on input line 266.
(/usr/local/texlive/2011/texmf-dist/tex/latex/psnfss/t1pcr.fd
File: t1pcr.fd 2001/06/04 font definitions for T1/pcr.
) [5

]
<Chapter_2_Image_1.png, id=70, 483.8075pt x 109.40875pt>
File: Chapter_2_Image_1.png Graphic file (type png)

<use Chapter_2_Image_1.png>
Package pdftex.def Info: Chapter_2_Image_1.png used on input line 303.
(pdftex.def)             Requested size: 483.80632pt x 109.40846pt.
File: Chapter_2_Image_1.png Graphic file (type png)
 <use Chapter_2_Image_1.png>
Package pdftex.def Info: Chapter_2_Image_1.png used on input line 303.
(pdftex.def)             Requested size: 469.755pt x 106.23485pt.
 [6 <./Chapter_2_Image_1.png>]
LaTeX Font Info:    Try loading font information for TS1+ptm on input line 369.

 (/usr/local/texlive/2011/texmf-dist/tex/latex/psnfss/ts1ptm.fd
File: ts1ptm.fd 2001/06/04 font definitions for TS1/ptm.
)
<Chapter_2_Image_2.png, id=81, 492.84125pt x 173.64874pt>
File: Chapter_2_Image_2.png Graphic file (type png)

<use Chapter_2_Image_2.png>
Package pdftex.def Info: Chapter_2_Image_2.png used on input line 386.
(pdftex.def)             Requested size: 492.84003pt x 173.64832pt.
File: Chapter_2_Image_2.png Graphic file (type png)
 <use Chapter_2_Image_2.png>
Package pdftex.def Info: Chapter_2_Image_2.png used on input line 386.
(pdftex.def)             Requested size: 469.755pt x 165.52179pt.

<Chapter_2_Image_3.png, id=83, 706.64pt x 321.2pt>
File: Chapter_2_Image_3.png Graphic file (type png)
 <use Chapter_2_Image_3.png>
Package pdftex.def Info: Chapter_2_Image_3.png used on input line 416.
(pdftex.def)             Requested size: 706.63828pt x 321.19922pt.
File: Chapter_2_Image_3.png Graphic file (type png)

<use Chapter_2_Image_3.png>
Package pdftex.def Info: Chapter_2_Image_3.png used on input line 416.
(pdftex.def)             Requested size: 469.755pt x 213.5267pt.
 [7 <./Chapter_2_Image_2.png>]

! Package inputenc Error: Unicode char \u8:­ not set up for use with LaTeX.

See the inputenc package documentation for explanation.
Type  H <return>  for immediate help.
 ...                                              
                                                  
l.444 ...g the method or block. Only the last ex­
                                                  pression in an object may ...

? 
[8 <./Chapter_2_Image_3.png>]

! Package inputenc Error: Unicode char \u8:­ not set up for use with LaTeX.

See the inputenc package documentation for explanation.
Type  H <return>  for immediate help.
 ...                                              
                                                  
l.478 ... This two-phase object construction pro­
                                                  cess implies that slot ini...

? 
<Chapter_2_Image_4.png, id=98, 402.50375pt x 217.81375pt>
File: Chapter_2_Image_4.png Graphic file (type png)

<use Chapter_2_Image_4.png>
Package pdftex.def Info: Chapter_2_Image_4.png used on input line 513.
(pdftex.def)             Requested size: 402.50276pt x 217.8132pt.
File: Chapter_2_Image_4.png Graphic file (type png)
 <use Chapter_2_Image_4.png>
Package pdftex.def Info: Chapter_2_Image_4.png used on input line 513.
(pdftex.def)             Requested size: 402.50276pt x 217.8132pt.
 [9]

! Package textcomp Error: Symbol \textleftarrow not provided by
(textcomp)                font family ptm in TS1 encoding.
(textcomp)                Default family used instead.

See the textcomp package documentation for explanation.
Type  H <return>  for immediate help.
 ...                                              
                                                  
l.538 ...e assignment primitive (depicted with ←
                                                  ): \footnote{
? 
<Chapter_2_Image_5.png, id=109, 429.605pt x 295.1025pt>
File: Chapter_2_Image_5.png Graphic file (type png)

<use Chapter_2_Image_5.png>
Package pdftex.def Info: Chapter_2_Image_5.png used on input line 543.
(pdftex.def)             Requested size: 429.60394pt x 295.10176pt.
File: Chapter_2_Image_5.png Graphic file (type png)
 <use Chapter_2_Image_5.png>
Package pdftex.def Info: Chapter_2_Image_5.png used on input line 543.
(pdftex.def)             Requested size: 429.60394pt x 295.10176pt.

<Chapter_2_Image_6.png, id=111, 500.87125pt x 198.7425pt>
File: Chapter_2_Image_6.png Graphic file (type png)

<use Chapter_2_Image_6.png>
Package pdftex.def Info: Chapter_2_Image_6.png used on input line 561.
(pdftex.def)             Requested size: 500.87001pt x 198.742pt.
File: Chapter_2_Image_6.png Graphic file (type png)
 <use Chapter_2_Image_6.png>
Package pdftex.def Info: Chapter_2_Image_6.png used on input line 561.
(pdftex.def)             Requested size: 469.755pt x 186.40553pt.

<Chapter_2_Image_7.png, id=113, 655.44875pt x 193.72375pt>
File: Chapter_2_Image_7.png Graphic file (type png)

<use Chapter_2_Image_7.png>
Package pdftex.def Info: Chapter_2_Image_7.png used on input line 584.
(pdftex.def)             Requested size: 655.44714pt x 193.72327pt.
File: Chapter_2_Image_7.png Graphic file (type png)
 <use Chapter_2_Image_7.png>
Package pdftex.def Info: Chapter_2_Image_7.png used on input line 584.
(pdftex.def)             Requested size: 469.755pt x 138.83954pt.
 [10 <./Chapter_2_Image_4.png>] [11 <./Chapter_2_Image_5.png> <./Chapter_2_Imag
e_6.png>] [12 <./Chapter_2_Image_7.png>]

! Package inputenc Error: Unicode char \u8:≥ not set up for use with LaTeX.

See the inputenc package documentation for explanation.
Type  H <return>  for immediate help.
 ...                                              
                                                  
l.794 \end{tabulary}
                    
? 

! Package inputenc Error: Unicode char \u8:≥ not set up for use with LaTeX.

See the inputenc package documentation for explanation.
Type  H <return>  for immediate help.
 ...                                              
                                                  
l.794 \end{tabulary}
                    
? 
[13] [14] [15] [16]

! Package textcomp Error: Symbol \textleftarrow not provided by
(textcomp)                font family pcr in TS1 encoding.
(textcomp)                Default family used instead.

See the textcomp package documentation for explanation.
Type  H <return>  for immediate help.
 ...                                              
                                                  
l.1121 ...                     “do the lookup”
                                                  
? 

! Package textcomp Error: Symbol \textleftarrow not provided by
(textcomp)                font family pcr in TS1 encoding.
(textcomp)                Default family used instead.

See the textcomp package documentation for explanation.
Type  H <return>  for immediate help.
 ...                                              
                                                  
l.1124 ...eval(rec, M, args)     “see \S{}2.1”
                                                  
? 

! Package textcomp Error: Symbol \textleftarrow not provided by
(textcomp)                font family pcr in TS1 encoding.
(textcomp)                Default family used instead.

See the textcomp package documentation for explanation.
Type  H <return>  for immediate help.
 ...                                              
                                                  
l.1161 ...                   “cycle detection”
                                                  
? 

! Package textcomp Error: Symbol \textleftarrow not provided by
(textcomp)                font family pcr in TS1 encoding.
(textcomp)                Default family used instead.

See the textcomp package documentation for explanation.
Type  H <return>  for immediate help.
 ...                                              
                                                  
l.1162 ...                   “try local slots”
                                                  
? 

! Package textcomp Error: Symbol \textleftarrow not provided by
(textcomp)                font family pcr in TS1 encoding.
(textcomp)                Default family used instead.

See the textcomp package documentation for explanation.
Type  H <return>  for immediate help.
 ...                                              
                                                  
l.1163 ... V) end        “try    parent slots”
                                                  
? 

! Package textcomp Error: Symbol \textleftarrow not provided by
(textcomp)                font family pcr in TS1 encoding.
(textcomp)                Default family used instead.

See the textcomp package documentation for explanation.
Type  H <return>  for immediate help.
 ...                                              
                                                  
l.1174 ...                       “all parents”
                                                  
? 

! Package textcomp Error: Symbol \textleftarrow not provided by
(textcomp)                font family pcr in TS1 encoding.
(textcomp)                Default family used instead.

See the textcomp package documentation for explanation.
Type  H <return>  for immediate help.
 ...                                              
                                                  
l.1175 ...        “recursively search parents”
                                                  
? 
[17]

! Package textcomp Error: Symbol \textleftarrow not provided by
(textcomp)                font family pcr in TS1 encoding.
(textcomp)                Default family used instead.

See the textcomp package documentation for explanation.
Type  H <return>  for immediate help.
 ...                                              
                                                  
l.1207 ...                     “do the lookup”
                                                  
? 

! Package textcomp Error: Symbol \textleftarrow not provided by
(textcomp)                font family pcr in TS1 encoding.
(textcomp)                Default family used instead.

See the textcomp package documentation for explanation.
Type  H <return>  for immediate help.
 ...                                              
                                                  
l.1210 ...s)                     “see \S{}2.1”
                                                  
? 

! Package textcomp Error: Symbol \textleftarrow not provided by
(textcomp)                font family pcr in TS1 encoding.
(textcomp)                Default family used instead.

See the textcomp package documentation for explanation.
Type  H <return>  for immediate help.
 ...                                              
                                                  
l.1246 ...                    “find delegatee”
                                                  
? 

! Package textcomp Error: Symbol \textleftarrow not provided by
(textcomp)                font family pcr in TS1 encoding.
(textcomp)                Default family used instead.

See the textcomp package documentation for explanation.
Type  H <return>  for immediate help.
 ...                                              
                                                  
l.1248 ...                     “do the lookup”
                                                  
? 

! Package textcomp Error: Symbol \textleftarrow not provided by
(textcomp)                font family pcr in TS1 encoding.
(textcomp)                Default family used instead.

See the textcomp package documentation for explanation.
Type  H <return>  for immediate help.
 ...                                              
                                                  
l.1251 ..., M, args)             “see \S{}2.1”
                                                  
? 
[18] [19]
Overfull \hbox (34.67139pt too wide) in paragraph at lines 1420--1421
[][] 
 []

[20]
Overfull \hbox (1.32039pt too wide) in paragraph at lines 1679--1680
[][] 
 []

[21] [22

]
Chapter 3.

LaTeX Warning: Hyper reference `ref:citations' on page 23 undefined on input li
ne 1764.

[23] [24] [25] [26] [27] [28] [29] [30] [31] [32] [33]
Underfull \hbox (badness 10000) in paragraph at lines 2587--2588

 []

[34]
LaTeX Font Info:    Font shape `T1/pcr/m/it' in size <9> not available
(Font)              Font shape `T1/pcr/m/sl' tried instead on input line 2753.
 [35] [36] [37] [38

]
Chapter 4.
[39] [40] [41]
Underfull \hbox (badness 10000) in paragraph at lines 3216--3219
[]\T1/ptm/m/n/10 Each block sim-ply stores its ar-gu-ment into the a lo-cal var
i-able for later use. The
 []

[42]
LaTeX Font Info:    Font shape `T1/pcr/bx/n' in size <14.4> not available
(Font)              Font shape `T1/pcr/b/n' tried instead on input line 3280.
 [43] [44]
Chapter 5.
<Pgm_Env_Image1.png, id=364, 218.8175pt x 76.285pt>
File: Pgm_Env_Image1.png Graphic file (type png)
 <use Pgm_Env_Image1.png>
Package pdftex.def Info: Pgm_Env_Image1.png used on input line 3377.
(pdftex.def)             Requested size: 218.81696pt x 76.2848pt.
File: Pgm_Env_Image1.png Graphic file (type png)

<use Pgm_Env_Image1.png>
Package pdftex.def Info: Pgm_Env_Image1.png used on input line 3377.
(pdftex.def)             Requested size: 218.81696pt x 76.2848pt.

<Pgm_Env_Image2.png, id=366, 343.2825pt x 205.76875pt>
File: Pgm_Env_Image2.png Graphic file (type png)

<use Pgm_Env_Image2.png>
Package pdftex.def Info: Pgm_Env_Image2.png used on input line 3387.
(pdftex.def)             Requested size: 343.28165pt x 205.76823pt.
File: Pgm_Env_Image2.png Graphic file (type png)
 <use Pgm_Env_Image2.png>
Package pdftex.def Info: Pgm_Env_Image2.png used on input line 3387.
(pdftex.def)             Requested size: 343.28165pt x 205.76823pt.
 [45

 <./Pgm_Env_Image1.png>]
<Pgm_Env_Image3.png, id=377, 351.3125pt x 70.2625pt>
File: Pgm_Env_Image3.png Graphic file (type png)
 <use Pgm_Env_Image3.png>
Package pdftex.def Info: Pgm_Env_Image3.png used on input line 3394.
(pdftex.def)             Requested size: 351.31163pt x 70.26231pt.
File: Pgm_Env_Image3.png Graphic file (type png)

<use Pgm_Env_Image3.png>
Package pdftex.def Info: Pgm_Env_Image3.png used on input line 3394.
(pdftex.def)             Requested size: 351.31163pt x 70.26231pt.
 <Pgm_Env_Image4.png, id=379, 658.46pt x 242.9075pt>
File: Pgm_Env_Image4.png Graphic file (type png)

<use Pgm_Env_Image4.png>
Package pdftex.def Info: Pgm_Env_Image4.png used on input line 3409.
(pdftex.def)             Requested size: 658.4584pt x 242.90689pt.
File: Pgm_Env_Image4.png Graphic file (type png)
 <use Pgm_Env_Image4.png>
Package pdftex.def Info: Pgm_Env_Image4.png used on input line 3409.
(pdftex.def)             Requested size: 469.755pt x 173.29576pt.

<Pgm_Env_Image5.png, id=380, 653.44125pt x 359.3425pt>
File: Pgm_Env_Image5.png Graphic file (type png)

<use Pgm_Env_Image5.png>
Package pdftex.def Info: Pgm_Env_Image5.png used on input line 3423.
(pdftex.def)             Requested size: 653.43965pt x 359.34161pt.
File: Pgm_Env_Image5.png Graphic file (type png)
 <use Pgm_Env_Image5.png>
Package pdftex.def Info: Pgm_Env_Image5.png used on input line 3423.
(pdftex.def)             Requested size: 469.755pt x 258.32613pt.

<Pgm_Env_Image6.png, id=381, 662.475pt x 395.4775pt>
File: Pgm_Env_Image6.png Graphic file (type png)
 <use Pgm_Env_Image6.png>
Package pdftex.def Info: Pgm_Env_Image6.png used on input line 3429.
(pdftex.def)             Requested size: 662.47339pt x 395.47653pt.
File: Pgm_Env_Image6.png Graphic file (type png)

<use Pgm_Env_Image6.png>
Package pdftex.def Info: Pgm_Env_Image6.png used on input line 3429.
(pdftex.def)             Requested size: 469.755pt x 280.42891pt.
 <methodslot.png, id=382, 20.075pt x 20.075pt>
File: methodslot.png Graphic file (type png)

<use methodslot.png>
Package pdftex.def Info: methodslot.png used on input line 3435.
(pdftex.def)             Requested size: 20.07494pt x 20.07494pt.
File: methodslot.png Graphic file (type png)
 <use methodslot.png>
Package pdftex.def Info: methodslot.png used on input line 3435.
(pdftex.def)             Requested size: 20.07494pt x 20.07494pt.

<constantslot.png, id=383, 20.075pt x 20.075pt>
File: constantslot.png Graphic file (type png)
 <use constantslot.png>
Package pdftex.def Info: constantslot.png used on input line 3436.
(pdftex.def)             Requested size: 20.07494pt x 20.07494pt.
File: constantslot.png Graphic file (type png)

<use constantslot.png>
Package pdftex.def Info: constantslot.png used on input line 3436.
(pdftex.def)             Requested size: 20.07494pt x 20.07494pt.
 <assignableslot.png, id=384, 20.075pt x 20.075pt>
File: assignableslot.png Graphic file (type png)

<use assignableslot.png>
Package pdftex.def Info: assignableslot.png used on input line 3436.
(pdftex.def)             Requested size: 20.07494pt x 20.07494pt.
File: assignableslot.png Graphic file (type png)
 <use assignableslot.png>
Package pdftex.def Info: assignableslot.png used on input line 3436.
(pdftex.def)             Requested size: 20.07494pt x 20.07494pt.
 [46 <./Pgm_Env_Image2.png> <./Pgm_Env_Image3.png>] [47 <./Pgm_Env_Image4.png> 
<./Pgm_Env_Image5.png>]
<Pgm_Env_Image7.png, id=400, 708.6475pt x 497.86pt>
File: Pgm_Env_Image7.png Graphic file (type png)
 <use Pgm_Env_Image7.png>
Package pdftex.def Info: Pgm_Env_Image7.png used on input line 3448.
(pdftex.def)             Requested size: 708.64578pt x 497.85878pt.
File: Pgm_Env_Image7.png Graphic file (type png)

<use Pgm_Env_Image7.png>
Package pdftex.def Info: Pgm_Env_Image7.png used on input line 3448.
(pdftex.def)             Requested size: 469.755pt x 330.03198pt.
 <Pgm_Env_Image8.png, id=401, 682.55pt x 418.56375pt>
File: Pgm_Env_Image8.png Graphic file (type png)

<use Pgm_Env_Image8.png>
Package pdftex.def Info: Pgm_Env_Image8.png used on input line 3460.
(pdftex.def)             Requested size: 682.54834pt x 418.56271pt.
File: Pgm_Env_Image8.png Graphic file (type png)
 <use Pgm_Env_Image8.png>
Package pdftex.def Info: Pgm_Env_Image8.png used on input line 3460.
(pdftex.def)             Requested size: 469.755pt x 288.07481pt.

<Pgm_Env_Image9.png, id=402, 748.7975pt x 198.7425pt>
File: Pgm_Env_Image9.png Graphic file (type png)
 <use Pgm_Env_Image9.png>
Package pdftex.def Info: Pgm_Env_Image9.png used on input line 3470.
(pdftex.def)             Requested size: 748.79567pt x 198.742pt.
File: Pgm_Env_Image9.png Graphic file (type png)

<use Pgm_Env_Image9.png>
Package pdftex.def Info: Pgm_Env_Image9.png used on input line 3470.
(pdftex.def)             Requested size: 469.755pt x 124.68076pt.
 <Pgm_Env_Image10.png, id=403, 713.66624pt x 224.84pt>
File: Pgm_Env_Image10.png Graphic file (type png)

<use Pgm_Env_Image10.png>
Package pdftex.def Info: Pgm_Env_Image10.png used on input line 3478.
(pdftex.def)             Requested size: 713.66449pt x 224.83945pt.
File: Pgm_Env_Image10.png Graphic file (type png)
 <use Pgm_Env_Image10.png>
Package pdftex.def Info: Pgm_Env_Image10.png used on input line 3478.
(pdftex.def)             Requested size: 469.755pt x 147.99689pt.
 [48 <./Pgm_Env_Image6.png> <./methodslot.png> <./constantslot.png> <./assignab
leslot.png>] [49 <./Pgm_Env_Image7.png> <./Pgm_Env_Image8.png>] [50 <./Pgm_Env_
Image9.png> <./Pgm_Env_Image10.png>] <trashcan.png, id=427, 88.33pt x 82.3075pt
>
File: trashcan.png Graphic file (type png)
 <use trashcan.png>
Package pdftex.def Info: trashcan.png used on input line 3613.
(pdftex.def)             Requested size: 88.32977pt x 82.30728pt.
File: trashcan.png Graphic file (type png)

<use trashcan.png>
Package pdftex.def Info: trashcan.png used on input line 3613.
(pdftex.def)             Requested size: 88.32977pt x 82.30728pt.
 <Pgm_Env_Image11.png, id=428, 682.55pt x 441.65pt>
File: Pgm_Env_Image11.png Graphic file (type png)

<use Pgm_Env_Image11.png>
Package pdftex.def Info: Pgm_Env_Image11.png used on input line 3635.
(pdftex.def)             Requested size: 682.54834pt x 441.64891pt.
File: Pgm_Env_Image11.png Graphic file (type png)
 <use Pgm_Env_Image11.png>
Package pdftex.def Info: Pgm_Env_Image11.png used on input line 3635.
(pdftex.def)             Requested size: 469.755pt x 303.96384pt.

<Pgm_Env_Image12.png, id=429, 682.55pt x 591.20876pt>
File: Pgm_Env_Image12.png Graphic file (type png)

<use Pgm_Env_Image12.png>
Package pdftex.def Info: Pgm_Env_Image12.png used on input line 3647.
(pdftex.def)             Requested size: 682.54834pt x 591.2073pt.
File: Pgm_Env_Image12.png Graphic file (type png)
 <use Pgm_Env_Image12.png>
Package pdftex.def Info: Pgm_Env_Image12.png used on input line 3647.
(pdftex.def)             Requested size: 469.755pt x 406.89705pt.

<Pgm_Env_Image13.png, id=431, 682.55pt x 617.30624pt>
File: Pgm_Env_Image13.png Graphic file (type png)

<use Pgm_Env_Image13.png>
Package pdftex.def Info: Pgm_Env_Image13.png used on input line 3658.
(pdftex.def)             Requested size: 682.54834pt x 617.30473pt.
File: Pgm_Env_Image13.png Graphic file (type png)
 <use Pgm_Env_Image13.png>
Package pdftex.def Info: Pgm_Env_Image13.png used on input line 3658.
(pdftex.def)             Requested size: 469.755pt x 424.85854pt.

<Pgm_Env_Image14.png, id=433, 682.55pt x 564.1075pt>
File: Pgm_Env_Image14.png Graphic file (type png)
 <use Pgm_Env_Image14.png>
Package pdftex.def Info: Pgm_Env_Image14.png used on input line 3672.
(pdftex.def)             Requested size: 682.54834pt x 564.10611pt.
File: Pgm_Env_Image14.png Graphic file (type png)

<use Pgm_Env_Image14.png>
Package pdftex.def Info: Pgm_Env_Image14.png used on input line 3672.
(pdftex.def)             Requested size: 469.755pt x 388.24472pt.

<Pgm_Env_Image15.png, id=434, 586.19pt x 637.38126pt>
File: Pgm_Env_Image15.png Graphic file (type png)

<use Pgm_Env_Image15.png>
Package pdftex.def Info: Pgm_Env_Image15.png used on input line 3678.
(pdftex.def)             Requested size: 586.18857pt x 637.3797pt.
File: Pgm_Env_Image15.png Graphic file (type png)
 <use Pgm_Env_Image15.png>
Package pdftex.def Info: Pgm_Env_Image15.png used on input line 3678.
(pdftex.def)             Requested size: 469.755pt x 510.77129pt.

<Pgm_Env_Image16.png, id=436, 585.18625pt x 635.37375pt>
File: Pgm_Env_Image16.png Graphic file (type png)

<use Pgm_Env_Image16.png>
Package pdftex.def Info: Pgm_Env_Image16.png used on input line 3687.
(pdftex.def)             Requested size: 585.18481pt x 635.3722pt.
File: Pgm_Env_Image16.png Graphic file (type png)
 <use Pgm_Env_Image16.png>
Package pdftex.def Info: Pgm_Env_Image16.png used on input line 3687.
(pdftex.def)             Requested size: 469.755pt x 510.06418pt.

<Pgm_Env_Image17.png, id=438, 577.15625pt x 530.98375pt>
File: Pgm_Env_Image17.png Graphic file (type png)

<use Pgm_Env_Image17.png>
Package pdftex.def Info: Pgm_Env_Image17.png used on input line 3696.
(pdftex.def)             Requested size: 577.15483pt x 530.98244pt.
File: Pgm_Env_Image17.png Graphic file (type png)
 <use Pgm_Env_Image17.png>
Package pdftex.def Info: Pgm_Env_Image17.png used on input line 3696.
(pdftex.def)             Requested size: 469.755pt x 432.19293pt.
 [51 <./trashcan.png>]
<Pgm_Env_Image18.png, id=452, 577.15625pt x 240.9pt>
File: Pgm_Env_Image18.png Graphic file (type png)
 <use Pgm_Env_Image18.png>
Package pdftex.def Info: Pgm_Env_Image18.png used on input line 3706.
(pdftex.def)             Requested size: 577.15483pt x 240.8994pt.
File: Pgm_Env_Image18.png Graphic file (type png)

<use Pgm_Env_Image18.png>
Package pdftex.def Info: Pgm_Env_Image18.png used on input line 3706.
(pdftex.def)             Requested size: 469.755pt x 196.07996pt.

<Pgm_Env_Image19.png, id=453, 605.26125pt x 286.06876pt>
File: Pgm_Env_Image19.png Graphic file (type png)

<use Pgm_Env_Image19.png>
Package pdftex.def Info: Pgm_Env_Image19.png used on input line 3713.
(pdftex.def)             Requested size: 605.25975pt x 286.06805pt.
File: Pgm_Env_Image19.png Graphic file (type png)
 <use Pgm_Env_Image19.png>
Package pdftex.def Info: Pgm_Env_Image19.png used on input line 3713.
(pdftex.def)             Requested size: 469.755pt x 222.024pt.

<Pgm_Env_Image20.png, id=454, 541.02126pt x 253.94875pt>
File: Pgm_Env_Image20.png Graphic file (type png)

<use Pgm_Env_Image20.png>
Package pdftex.def Info: Pgm_Env_Image20.png used on input line 3720.
(pdftex.def)             Requested size: 541.01993pt x 253.94812pt.
File: Pgm_Env_Image20.png Graphic file (type png)
 <use Pgm_Env_Image20.png>
Package pdftex.def Info: Pgm_Env_Image20.png used on input line 3720.
(pdftex.def)             Requested size: 469.755pt x 220.5035pt.

<Pgm_Env_Image21.png, id=456, 293.095pt x 53.19875pt>
File: Pgm_Env_Image21.png Graphic file (type png)

<use Pgm_Env_Image21.png>
Package pdftex.def Info: Pgm_Env_Image21.png used on input line 3737.
(pdftex.def)             Requested size: 293.09427pt x 53.19861pt.
File: Pgm_Env_Image21.png Graphic file (type png)
 <use Pgm_Env_Image21.png>
Package pdftex.def Info: Pgm_Env_Image21.png used on input line 3737.
(pdftex.def)             Requested size: 293.09427pt x 53.19861pt.

<Pgm_Env_Image22.png, id=457, 547.04375pt x 178.6675pt>
File: Pgm_Env_Image22.png Graphic file (type png)

<use Pgm_Env_Image22.png>
Package pdftex.def Info: Pgm_Env_Image22.png used on input line 3745.
(pdftex.def)             Requested size: 547.0424pt x 178.66705pt.
File: Pgm_Env_Image22.png Graphic file (type png)
 <use Pgm_Env_Image22.png>
Package pdftex.def Info: Pgm_Env_Image22.png used on input line 3745.
(pdftex.def)             Requested size: 469.755pt x 153.42749pt.
 [52 <./Pgm_Env_Image11.png>] [53 <./Pgm_Env_Image12.png>] [54 <./Pgm_Env_Image
13.png>] [55 <./Pgm_Env_Image14.png>] [56 <./Pgm_Env_Image15.png>] [57 <./Pgm_E
nv_Image16.png>] [58 <./Pgm_Env_Image17.png> <./Pgm_Env_Image18.png>] [59 <./Pg
m_Env_Image19.png> <./Pgm_Env_Image20.png> <./Pgm_Env_Image21.png>]
<Pgm_Env_Image23.png, id=505, 604.2575pt x 154.5775pt>
File: Pgm_Env_Image23.png Graphic file (type png)

<use Pgm_Env_Image23.png>
Package pdftex.def Info: Pgm_Env_Image23.png used on input line 3752.
(pdftex.def)             Requested size: 604.25603pt x 154.5771pt.
File: Pgm_Env_Image23.png Graphic file (type png)
 <use Pgm_Env_Image23.png>
Package pdftex.def Info: Pgm_Env_Image23.png used on input line 3752.
(pdftex.def)             Requested size: 469.755pt x 120.16898pt.

<Pgm_Env_Image24.png, id=506, 245.91875pt x 127.47626pt>
File: Pgm_Env_Image24.png Graphic file (type png)

<use Pgm_Env_Image24.png>
Package pdftex.def Info: Pgm_Env_Image24.png used on input line 3765.
(pdftex.def)             Requested size: 245.91814pt x 127.47594pt.
File: Pgm_Env_Image24.png Graphic file (type png)
 <use Pgm_Env_Image24.png>
Package pdftex.def Info: Pgm_Env_Image24.png used on input line 3765.
(pdftex.def)             Requested size: 245.91814pt x 127.47594pt.

<Pgm_Env_Image25.png, id=507, 340.27126pt x 138.5175pt>
File: Pgm_Env_Image25.png Graphic file (type png)

<use Pgm_Env_Image25.png>
Package pdftex.def Info: Pgm_Env_Image25.png used on input line 3772.
(pdftex.def)             Requested size: 340.27042pt x 138.51715pt.
File: Pgm_Env_Image25.png Graphic file (type png)
 <use Pgm_Env_Image25.png>
Package pdftex.def Info: Pgm_Env_Image25.png used on input line 3772.
(pdftex.def)             Requested size: 340.27042pt x 138.51715pt.

<Pgm_Env_Image26.png, id=509, 327.2225pt x 148.555pt>
File: Pgm_Env_Image26.png Graphic file (type png)

<use Pgm_Env_Image26.png>
Package pdftex.def Info: Pgm_Env_Image26.png used on input line 3784.
(pdftex.def)             Requested size: 327.2217pt x 148.55463pt.
File: Pgm_Env_Image26.png Graphic file (type png)
 <use Pgm_Env_Image26.png>
Package pdftex.def Info: Pgm_Env_Image26.png used on input line 3784.
(pdftex.def)             Requested size: 327.2217pt x 148.55463pt.
 [60 <./Pgm_Env_Image22.png> <./Pgm_Env_Image23.png> <./Pgm_Env_Image24.png>]
<Pgm_Env_Image27.png, id=517, 554.07pt x 345.29pt>
File: Pgm_Env_Image27.png Graphic file (type png)
 <use Pgm_Env_Image27.png>
Package pdftex.def Info: Pgm_Env_Image27.png used on input line 3792.
(pdftex.def)             Requested size: 554.06865pt x 345.28914pt.
File: Pgm_Env_Image27.png Graphic file (type png)

<use Pgm_Env_Image27.png>
Package pdftex.def Info: Pgm_Env_Image27.png used on input line 3792.
(pdftex.def)             Requested size: 469.755pt x 292.74445pt.

<Pgm_Env_Image28.png, id=518, 682.55pt x 456.70625pt>
File: Pgm_Env_Image28.png Graphic file (type png)

<use Pgm_Env_Image28.png>
Package pdftex.def Info: Pgm_Env_Image28.png used on input line 3806.
(pdftex.def)             Requested size: 682.54834pt x 456.70512pt.
File: Pgm_Env_Image28.png Graphic file (type png)
 <use Pgm_Env_Image28.png>
Package pdftex.def Info: Pgm_Env_Image28.png used on input line 3806.
(pdftex.def)             Requested size: 469.755pt x 314.32623pt.

<Pgm_Env_Image29.png, id=519, 538.01pt x 290.08376pt>
File: Pgm_Env_Image29.png Graphic file (type png)

<use Pgm_Env_Image29.png>
Package pdftex.def Info: Pgm_Env_Image29.png used on input line 3816.
(pdftex.def)             Requested size: 538.00868pt x 290.08304pt.
File: Pgm_Env_Image29.png Graphic file (type png)
 <use Pgm_Env_Image29.png>
Package pdftex.def Info: Pgm_Env_Image29.png used on input line 3816.
(pdftex.def)             Requested size: 469.755pt x 253.28264pt.

<Pgm_Env_Image30.png, id=520, 560.0925pt x 381.425pt>
File: Pgm_Env_Image30.png Graphic file (type png)

<use Pgm_Env_Image30.png>
Package pdftex.def Info: Pgm_Env_Image30.png used on input line 3824.
(pdftex.def)             Requested size: 560.09113pt x 381.42406pt.
File: Pgm_Env_Image30.png Graphic file (type png)
 <use Pgm_Env_Image30.png>
Package pdftex.def Info: Pgm_Env_Image30.png used on input line 3824.
(pdftex.def)             Requested size: 469.755pt x 319.91756pt.
 [61 <./Pgm_Env_Image25.png> <./Pgm_Env_Image26.png>] [62 <./Pgm_Env_Image27.pn
g> <./Pgm_Env_Image28.png>]
[63 <./Pgm_Env_Image29.png> <./Pgm_Env_Image30.png>] [64]
Underfull \hbox (badness 10000) in paragraph at lines 4115--4115
[]|\T1/ptm/b/n/10 Removing, Adding, Mov-ing,
 []

[65]
Underfull \hbox (badness 10000) in paragraph at lines 4115--4115
[]|\T1/ptm/b/n/10 Removing, Adding, Mov-ing,
 []

[66] [67] [68] [69] <Pgm_Env_Image31.png, id=575, 633.36626pt x 682.55pt>
File: Pgm_Env_Image31.png Graphic file (type png)

<use Pgm_Env_Image31.png>
Package pdftex.def Info: Pgm_Env_Image31.png used on input line 4359.
(pdftex.def)             Requested size: 633.36472pt x 682.54834pt.
File: Pgm_Env_Image31.png Graphic file (type png)
 <use Pgm_Env_Image31.png>
Package pdftex.def Info: Pgm_Env_Image31.png used on input line 4359.
(pdftex.def)             Requested size: 469.755pt x 506.24556pt.

<Pgm_Env_Image32.png, id=577, 558.085pt x 484.81125pt>
File: Pgm_Env_Image32.png Graphic file (type png)

<use Pgm_Env_Image32.png>
Package pdftex.def Info: Pgm_Env_Image32.png used on input line 4423.
(pdftex.def)             Requested size: 558.08365pt x 484.81006pt.
File: Pgm_Env_Image32.png Graphic file (type png)
 <use Pgm_Env_Image32.png>
Package pdftex.def Info: Pgm_Env_Image32.png used on input line 4423.
(pdftex.def)             Requested size: 469.755pt x 408.08939pt.
 [70] [71 <./Pgm_Env_Image31.png>] [72 <./Pgm_Env_Image32.png>]
LaTeX Font Info:    Font shape `T1/phv/bx/n' in size <9> not available
(Font)              Font shape `T1/phv/b/n' tried instead on input line 4446.
 [73] [74

]
Chapter 6.
<Figure1.png, id=605, 762.85pt x 289.08pt>
File: Figure1.png Graphic file (type png)
 <use Figure1.png>
Package pdftex.def Info: Figure1.png used on input line 4460.
(pdftex.def)             Requested size: 762.84814pt x 289.07928pt.
File: Figure1.png Graphic file (type png)
 <use Figure1.png>
Package pdftex.def Info: Figure1.png used on input line 4460.
(pdftex.def)             Requested size: 469.755pt x 178.0103pt.

[75 <./Figure1.png>] <Figure2.png, id=615, 511.9125pt x 227.85126pt>
File: Figure2.png Graphic file (type png)

<use Figure2.png>
Package pdftex.def Info: Figure2.png used on input line 4492.
(pdftex.def)             Requested size: 511.91125pt x 227.8507pt.
File: Figure2.png Graphic file (type png)
 <use Figure2.png>
Package pdftex.def Info: Figure2.png used on input line 4492.
(pdftex.def)             Requested size: 469.755pt x 209.08679pt.

<Figure3.png, id=616, 258.9675pt x 171.64125pt>
File: Figure3.png Graphic file (type png)
 <use Figure3.png>
Package pdftex.def Info: Figure3.png used on input line 4499.
(pdftex.def)             Requested size: 258.96684pt x 171.64081pt.
File: Figure3.png Graphic file (type png)

<use Figure3.png>
Package pdftex.def Info: Figure3.png used on input line 4499.
(pdftex.def)             Requested size: 258.96684pt x 171.64081pt.
 [76 <./Figure2.png>] [77 <./Figure3.png (PNG copy)>] [78]
<Figure4.png, id=640, 460.72125pt x 365.365pt>
File: Figure4.png Graphic file (type png)
 <use Figure4.png>
Package pdftex.def Info: Figure4.png used on input line 4566.
(pdftex.def)             Requested size: 460.72012pt x 365.3641pt.
File: Figure4.png Graphic file (type png)

<use Figure4.png>
Package pdftex.def Info: Figure4.png used on input line 4566.
(pdftex.def)             Requested size: 460.72012pt x 365.3641pt.
 [79 <./Figure4.png (PNG copy)>]
<Figure5.png, id=646, 547.04375pt x 509.905pt>
File: Figure5.png Graphic file (type png)
 <use Figure5.png>
Package pdftex.def Info: Figure5.png used on input line 4594.
(pdftex.def)             Requested size: 547.0424pt x 509.90375pt.
File: Figure5.png Graphic file (type png)

<use Figure5.png>
Package pdftex.def Info: Figure5.png used on input line 4594.
(pdftex.def)             Requested size: 469.755pt x 437.87175pt.
 [80 <./Figure5.png (PNG copy)>]
<Figure6.png, id=652, 422.57875pt x 198.7425pt>
File: Figure6.png Graphic file (type png)
 <use Figure6.png>
Package pdftex.def Info: Figure6.png used on input line 4605.
(pdftex.def)             Requested size: 422.57771pt x 198.742pt.
File: Figure6.png Graphic file (type png)

<use Figure6.png>
Package pdftex.def Info: Figure6.png used on input line 4605.
(pdftex.def)             Requested size: 422.57771pt x 198.742pt.
 <Figure7.png, id=653, 551.05875pt x 268.00125pt>
File: Figure7.png Graphic file (type png)

<use Figure7.png>
Package pdftex.def Info: Figure7.png used on input line 4626.
(pdftex.def)             Requested size: 551.05739pt x 268.00058pt.
File: Figure7.png Graphic file (type png)
 <use Figure7.png>
Package pdftex.def Info: Figure7.png used on input line 4626.
(pdftex.def)             Requested size: 469.755pt x 228.46869pt.
 [81 <./Figure6.png (PNG copy)>]
<Figure8.png, id=660, 474.77374pt x 301.125pt>
File: Figure8.png Graphic file (type png)
 <use Figure8.png>
Package pdftex.def Info: Figure8.png used on input line 4643.
(pdftex.def)             Requested size: 474.77258pt x 301.12425pt.
File: Figure8.png Graphic file (type png)

<use Figure8.png>
Package pdftex.def Info: Figure8.png used on input line 4643.
(pdftex.def)             Requested size: 469.755pt x 297.95384pt.
 <Figure9.png, id=661, 477.785pt x 322.20375pt>
File: Figure9.png Graphic file (type png)

<use Figure9.png>
Package pdftex.def Info: Figure9.png used on input line 4658.
(pdftex.def)             Requested size: 477.78383pt x 322.20296pt.
File: Figure9.png Graphic file (type png)
 <use Figure9.png>
Package pdftex.def Info: Figure9.png used on input line 4658.
(pdftex.def)             Requested size: 469.755pt x 316.78996pt.
 [82 <./Figure7.png (PNG copy)>] [83 <./Figure8.png (PNG copy)>] [84 <./Figure9
.png (PNG copy)>]
<Figure10.png, id=677, 435.6275pt x 369.38pt>
File: Figure10.png Graphic file (type png)
 <use Figure10.png>
Package pdftex.def Info: Figure10.png used on input line 4671.
(pdftex.def)             Requested size: 435.62643pt x 369.37909pt.
File: Figure10.png Graphic file (type png)

<use Figure10.png>
Package pdftex.def Info: Figure10.png used on input line 4671.
(pdftex.def)             Requested size: 435.62643pt x 369.37909pt.
 <Figure11.png, id=678, 612.2875pt x 223.83624pt>
File: Figure11.png Graphic file (type png)

<use Figure11.png>
Package pdftex.def Info: Figure11.png used on input line 4676.
(pdftex.def)             Requested size: 612.28601pt x 223.8357pt.
File: Figure11.png Graphic file (type png)
 <use Figure11.png>
Package pdftex.def Info: Figure11.png used on input line 4676.
(pdftex.def)             Requested size: 469.755pt x 171.7294pt.

<Figure12.png, id=679, 433.62pt x 574.145pt>
File: Figure12.png Graphic file (type png)
 <use Figure12.png>
Package pdftex.def Info: Figure12.png used on input line 4683.
(pdftex.def)             Requested size: 433.61894pt x 574.1436pt.
File: Figure12.png Graphic file (type png)

<use Figure12.png>
Package pdftex.def Info: Figure12.png used on input line 4683.
(pdftex.def)             Requested size: 433.61894pt x 574.1436pt.
 <Figure13.png, id=680, 431.6125pt x 459.7175pt>
File: Figure13.png Graphic file (type png)

<use Figure13.png>
Package pdftex.def Info: Figure13.png used on input line 4696.
(pdftex.def)             Requested size: 431.61143pt x 459.71637pt.
File: Figure13.png Graphic file (type png)
 <use Figure13.png>
Package pdftex.def Info: Figure13.png used on input line 4696.
(pdftex.def)             Requested size: 431.61143pt x 459.71637pt.
 [85] [86 <./Figure10.png (PNG copy)> <./Figure11.png (PNG copy)>] [87 <./Figur
e12.png (PNG copy)>] [88 <./Figure13.png (PNG copy)>] [89] [90] [91] <Figure14.
png, id=731, 219.82124pt x 95.35625pt>
File: Figure14.png Graphic file (type png)

<use Figure14.png>
Package pdftex.def Info: Figure14.png used on input line 4876.
(pdftex.def)             Requested size: 219.8207pt x 95.356pt.
File: Figure14.png Graphic file (type png)
 <use Figure14.png>
Package pdftex.def Info: Figure14.png used on input line 4876.
(pdftex.def)             Requested size: 219.8207pt x 95.356pt.
 [92 <./Figure14.png (PNG copy)>]
<Figure15.png, id=741, 409.53pt x 155.58125pt>
File: Figure15.png Graphic file (type png)
 <use Figure15.png>
Package pdftex.def Info: Figure15.png used on input line 4915.
(pdftex.def)             Requested size: 409.52899pt x 155.58086pt.
File: Figure15.png Graphic file (type png)

<use Figure15.png>
Package pdftex.def Info: Figure15.png used on input line 4915.
(pdftex.def)             Requested size: 409.52899pt x 155.58086pt.
 [93 <./Figure15.png (PNG copy)>] [94] [95]
<Figure16.png, id=764, 737.75626pt x 627.34375pt>
File: Figure16.png Graphic file (type png)
 <use Figure16.png>
Package pdftex.def Info: Figure16.png used on input line 5011.
(pdftex.def)             Requested size: 737.75446pt x 627.34221pt.
File: Figure16.png Graphic file (type png)

<use Figure16.png>
Package pdftex.def Info: Figure16.png used on input line 5011.
(pdftex.def)             Requested size: 469.755pt x 399.45012pt.
 [96] [97 <./Figure16.png>] [98] [99] [100] [101] [102

]
Chapter 7.
[103]
LaTeX Font Info:    Font shape `T1/pcr/bx/n' in size <10> not available
(Font)              Font shape `T1/pcr/b/n' tried instead on input line 5289.

Underfull \hbox (badness 10000) in paragraph at lines 5295--5297
[]\T1/ptm/m/n/10 The par-ent
 []


Overfull \hbox (2.57501pt too wide) in paragraph at lines 5298--5300
[]
 []


Underfull \hbox (badness 5817) in paragraph at lines 5301--5303
[]\T1/ptm/m/n/10 The first
 []

[104]
Underfull \hbox (badness 10000) in paragraph at lines 5383--5386
[]\T1/ptm/m/n/10 The
 []


Overfull \hbox (5.24506pt too wide) in paragraph at lines 5421--5423
[]
 []


Overfull \hbox (119.24506pt too wide) in paragraph at lines 5424--5426
[]
 []

[105] <Chapter_5_Figure_3.png, id=828, 682.55pt x 885.3075pt>
File: Chapter_5_Figure_3.png Graphic file (type png)

<use Chapter_5_Figure_3.png>
Package pdftex.def Info: Chapter_5_Figure_3.png used on input line 5529.
(pdftex.def)             Requested size: 682.54834pt x 885.30533pt.
File: Chapter_5_Figure_3.png Graphic file (type png)
 <use Chapter_5_Figure_3.png>
Package pdftex.def Info: Chapter_5_Figure_3.png used on input line 5529.
(pdftex.def)             Requested size: 469.755pt x 609.30933pt.

<Chapter_5_Figure_4.png, id=829, 697.60625pt x 452.69125pt>
File: Chapter_5_Figure_4.png Graphic file (type png)

<use Chapter_5_Figure_4.png>
Package pdftex.def Info: Chapter_5_Figure_4.png used on input line 5534.
(pdftex.def)             Requested size: 697.60454pt x 452.69014pt.
File: Chapter_5_Figure_4.png Graphic file (type png)
 <use Chapter_5_Figure_4.png>
Package pdftex.def Info: Chapter_5_Figure_4.png used on input line 5534.
(pdftex.def)             Requested size: 469.755pt x 304.83502pt.
 [106] [107] [108 <./Chapter_5_Figure_3.png>] [109 <./Chapter_5_Figure_4.png>] 
[110] [111] [112]
[113] [114] [115] [116] [117]
Underfull \hbox (badness 10000) in paragraph at lines 6694--6694
[]|\T1/ptm/m/n/10 badTypeError over-
 []


Underfull \hbox (badness 10000) in paragraph at lines 6694--6694
[]|\T1/ptm/m/n/10 badTypeError over-
 []


Overfull \hbox (1.41406pt too wide) in paragraph at lines 6694--6694
[]|\T1/ptm/m/n/10 unsigned_char| 
 []


Underfull \hbox (badness 10000) in paragraph at lines 6694--6694
[]|\T1/ptm/m/n/10 badSignError bad-
 []


Underfull \hbox (badness 10000) in paragraph at lines 6694--6694
[]|\T1/ptm/m/n/10 badTypeError over-
 []


Underfull \hbox (badness 10000) in paragraph at lines 6694--6694
[]|\T1/ptm/m/n/10 badTypeError over-
 []


Overfull \hbox (4.20396pt too wide) in paragraph at lines 6694--6694
[]|\T1/ptm/m/n/10 unsigned_short| 
 []


Underfull \hbox (badness 10000) in paragraph at lines 6694--6694
[]|\T1/ptm/m/n/10 unsigned
 []


Underfull \hbox (badness 10000) in paragraph at lines 6694--6694
[]|\T1/ptm/m/n/10 badSignError bad-
 []


Underfull \hbox (badness 10000) in paragraph at lines 6694--6694
[]|\T1/ptm/m/n/10 badSignError bad-
 []


Overfull \hbox (1.98412pt too wide) in paragraph at lines 6694--6694
[]|\T1/ptm/m/n/10 unsigned_long| 
 []


Underfull \hbox (badness 10000) in paragraph at lines 6694--6694
[]|\T1/ptm/m/n/10 badSignError bad-
 []


Underfull \hbox (badness 10000) in paragraph at lines 6694--6694
[]|\T1/ptm/m/n/10 badTypeError over-
 []


Underfull \hbox (badness 10000) in paragraph at lines 6694--6694
[]|\T1/ptm/m/n/10 badTypeError over-
 []


Overfull \hbox (1.41406pt too wide) in paragraph at lines 6694--6694
[]|\T1/ptm/m/n/10 unsigned_char| 
 []


Underfull \hbox (badness 10000) in paragraph at lines 6694--6694
[]|\T1/ptm/m/n/10 badSignError bad-
 []


Underfull \hbox (badness 10000) in paragraph at lines 6694--6694
[]|\T1/ptm/m/n/10 badTypeError over-
 []


Underfull \hbox (badness 10000) in paragraph at lines 6694--6694
[]|\T1/ptm/m/n/10 badTypeError over-
 []


Overfull \hbox (4.20396pt too wide) in paragraph at lines 6694--6694
[]|\T1/ptm/m/n/10 unsigned_short| 
 []


Underfull \hbox (badness 10000) in paragraph at lines 6694--6694
[]|\T1/ptm/m/n/10 unsigned
 []


Underfull \hbox (badness 10000) in paragraph at lines 6694--6694
[]|\T1/ptm/m/n/10 badSignError bad-
 []


Underfull \hbox (badness 10000) in paragraph at lines 6694--6694
[]|\T1/ptm/m/n/10 badSignError bad-
 []


Overfull \hbox (1.98412pt too wide) in paragraph at lines 6694--6694
[]|\T1/ptm/m/n/10 unsigned_long| 
 []


Underfull \hbox (badness 10000) in paragraph at lines 6694--6694
[]|\T1/ptm/m/n/10 badSignError bad-
 []


Underfull \hbox (badness 10000) in paragraph at lines 6954--6954
[]|\T1/ptm/m/n/10 badSizeError bad-
 []


Underfull \hbox (badness 10000) in paragraph at lines 6954--6954
[]|\T1/ptm/m/n/10 badSizeError bad-
 []


Underfull \hbox (badness 10000) in paragraph at lines 6954--6954
[]|\T1/ptm/m/n/10 badSizeError bad-
 []


Underfull \hbox (badness 10000) in paragraph at lines 6954--6954
[]|\T1/ptm/m/n/10 badSizeError bad-
 []


Underfull \hbox (badness 10000) in paragraph at lines 6954--6954
[]|\T1/ptm/m/n/10 badTypeError
 []


Underfull \hbox (badness 10000) in paragraph at lines 6954--6954
[]|\T1/ptm/m/n/10 badTypeError
 []


Underfull \hbox (badness 10000) in paragraph at lines 6954--6954
[]|\T1/ptm/m/n/10 badTypeError
 []


Overfull \hbox (3.65375pt too wide) in paragraph at lines 6954--6954
[]|\T1/ptm/m/n/10 string_len_null| 
 []


Underfull \hbox (badness 10000) in paragraph at lines 6954--6954
[]|\T1/ptm/m/n/10 badTypeError
 []


Underfull \hbox (badness 10000) in paragraph at lines 6954--6954
[]|\T1/ptm/m/n/10 (ptr_type,
 []


Underfull \hbox (badness 10000) in paragraph at lines 6954--6954
[]|\T1/ptm/m/n/10 ptr_type, !=
 []


Underfull \hbox (badness 10000) in paragraph at lines 6954--6954
[]|\T1/ptm/m/n/10 badTypeError bad-
 []


Underfull \hbox (badness 10000) in paragraph at lines 6954--6954
\T1/ptm/m/n/10 Type-Seal-Er-ror,
 []


Underfull \hbox (badness 10000) in paragraph at lines 6954--6954
\T1/ptm/m/n/10 dead-Prox-y-Er-
 []


Underfull \hbox (badness 10000) in paragraph at lines 6954--6954
[]|\T1/ptm/m/n/10 (ptr_type,
 []


Underfull \hbox (badness 10000) in paragraph at lines 6954--6954
[]|\T1/ptm/m/n/10 badTypeError bad-
 []


Underfull \hbox (badness 10000) in paragraph at lines 6954--6954
\T1/ptm/m/n/10 Type-Seal-Er-ror
 []


Overfull \hbox (23.65347pt too wide) in paragraph at lines 6954--6954
[]|\T1/ptm/m/n/10 int/float/proxy/byte-
 []


Overfull \hbox (1.99342pt too wide) in paragraph at lines 6954--6954
[]|\T1/ptm/m/n/10 int/float/ptr/ptr| 
 []


Underfull \hbox (badness 10000) in paragraph at lines 6954--6954
[]|\T1/ptm/m/n/10 badIndexError
 []

[118]
Underfull \hbox (badness 10000) in paragraph at lines 6954--6954
[]|\T1/ptm/m/n/10 badSizeError bad-
 []


Underfull \hbox (badness 10000) in paragraph at lines 6954--6954
[]|\T1/ptm/m/n/10 badSizeError bad-
 []


Underfull \hbox (badness 10000) in paragraph at lines 6954--6954
[]|\T1/ptm/m/n/10 badSizeError bad-
 []


Underfull \hbox (badness 10000) in paragraph at lines 6954--6954
[]|\T1/ptm/m/n/10 badSizeError bad-
 []


Underfull \hbox (badness 10000) in paragraph at lines 6954--6954
[]|\T1/ptm/m/n/10 badTypeError
 []


Underfull \hbox (badness 10000) in paragraph at lines 6954--6954
[]|\T1/ptm/m/n/10 badTypeError
 []


Underfull \hbox (badness 10000) in paragraph at lines 6954--6954
[]|\T1/ptm/m/n/10 badTypeError
 []


Overfull \hbox (3.65375pt too wide) in paragraph at lines 6954--6954
[]|\T1/ptm/m/n/10 string_len_null| 
 []


Underfull \hbox (badness 10000) in paragraph at lines 6954--6954
[]|\T1/ptm/m/n/10 badTypeError
 []


Underfull \hbox (badness 10000) in paragraph at lines 6954--6954
[]|\T1/ptm/m/n/10 (ptr_type,
 []


Underfull \hbox (badness 10000) in paragraph at lines 6954--6954
[]|\T1/ptm/m/n/10 ptr_type, !=
 []


Underfull \hbox (badness 10000) in paragraph at lines 6954--6954
[]|\T1/ptm/m/n/10 badTypeError bad-
 []


Underfull \hbox (badness 10000) in paragraph at lines 6954--6954
\T1/ptm/m/n/10 Type-Seal-Er-ror,
 []


Underfull \hbox (badness 10000) in paragraph at lines 6954--6954
\T1/ptm/m/n/10 dead-Prox-y-Er-
 []


Underfull \hbox (badness 10000) in paragraph at lines 6954--6954
[]|\T1/ptm/m/n/10 (ptr_type,
 []


Underfull \hbox (badness 10000) in paragraph at lines 6954--6954
[]|\T1/ptm/m/n/10 badTypeError bad-
 []


Underfull \hbox (badness 10000) in paragraph at lines 6954--6954
\T1/ptm/m/n/10 Type-Seal-Er-ror
 []


Overfull \hbox (23.65347pt too wide) in paragraph at lines 6954--6954
[]|\T1/ptm/m/n/10 int/float/proxy/byte-
 []


Overfull \hbox (1.99342pt too wide) in paragraph at lines 6954--6954
[]|\T1/ptm/m/n/10 int/float/ptr/ptr| 
 []


Underfull \hbox (badness 10000) in paragraph at lines 6954--6954
[]|\T1/ptm/m/n/10 badIndexError
 []

[119] [120]
Overfull \hbox (1.41406pt too wide) in paragraph at lines 7300--7300
[]|\T1/ptm/m/n/10 unsigned_char| 
 []


Overfull \hbox (4.20396pt too wide) in paragraph at lines 7300--7300
[]|\T1/ptm/m/n/10 unsigned_short| 
 []


Underfull \hbox (badness 10000) in paragraph at lines 7300--7300
[]|\T1/ptm/m/n/10 unsigned
 []


Overfull \hbox (1.98412pt too wide) in paragraph at lines 7300--7300
[]|\T1/ptm/m/n/10 unsigned_long| 
 []


Overfull \hbox (8.64375pt too wide) in paragraph at lines 7300--7300
[]|\T1/ptm/m/n/10 nullPointerError| 
 []


Underfull \hbox (badness 10000) in paragraph at lines 7300--7300
[]|\T1/ptm/m/n/10 (ptr_type,
 []


Overfull \hbox (8.64375pt too wide) in paragraph at lines 7300--7300
[]|\T1/ptm/m/n/10 nullPointerError| 
 []


Underfull \hbox (badness 10000) in paragraph at lines 7300--7300
[]|\T1/ptm/m/n/10 (ptr_type,
 []


Overfull \hbox (5.85426pt too wide) in paragraph at lines 7300--7300
[]|\T1/ptm/m/n/10 proxy_or_errno| 
 []


Underfull \hbox (badness 10000) in paragraph at lines 7300--7300
[]|\T1/ptm/m/n/10 (ptr_type,
 []


Underfull \hbox (badness 10000) in paragraph at lines 7300--7300
[]|\T1/ptm/m/n/10 (ptr_type,
 []


Underfull \hbox (badness 10000) in paragraph at lines 7300--7300
\T1/ptm/m/n/10 type_seal,
 []


Overfull \hbox (8.64375pt too wide) in paragraph at lines 7300--7300
[]|\T1/ptm/m/n/10 nullPointerError| 
 []


Overfull \hbox (2.53403pt too wide) in paragraph at lines 7300--7300
[]|\T1/ptm/m/n/10 fct_proxy_null| 
 []


Underfull \hbox (badness 10000) in paragraph at lines 7300--7300
[]|\T1/ptm/m/n/10 (ptr_type,
 []


Underfull \hbox (badness 10000) in paragraph at lines 7300--7300
\T1/ptm/m/n/10 type_seal,
 []


Overfull \hbox (1.41406pt too wide) in paragraph at lines 7300--7300
[]|\T1/ptm/m/n/10 unsigned_char| 
 []


Overfull \hbox (4.20396pt too wide) in paragraph at lines 7300--7300
[]|\T1/ptm/m/n/10 unsigned_short| 
 []


Underfull \hbox (badness 10000) in paragraph at lines 7300--7300
[]|\T1/ptm/m/n/10 unsigned
 []


Overfull \hbox (1.98412pt too wide) in paragraph at lines 7300--7300
[]|\T1/ptm/m/n/10 unsigned_long| 
 []


Overfull \hbox (8.64375pt too wide) in paragraph at lines 7300--7300
[]|\T1/ptm/m/n/10 nullPointerError| 
 []


Underfull \hbox (badness 10000) in paragraph at lines 7300--7300
[]|\T1/ptm/m/n/10 (ptr_type,
 []


Overfull \hbox (8.64375pt too wide) in paragraph at lines 7300--7300
[]|\T1/ptm/m/n/10 nullPointerError| 
 []


Underfull \hbox (badness 10000) in paragraph at lines 7300--7300
[]|\T1/ptm/m/n/10 (ptr_type,
 []


Overfull \hbox (5.85426pt too wide) in paragraph at lines 7300--7300
[]|\T1/ptm/m/n/10 proxy_or_errno| 
 []


Underfull \hbox (badness 10000) in paragraph at lines 7300--7300
[]|\T1/ptm/m/n/10 (ptr_type,
 []


Underfull \hbox (badness 10000) in paragraph at lines 7300--7300
[]|\T1/ptm/m/n/10 (ptr_type,
 []


Underfull \hbox (badness 10000) in paragraph at lines 7300--7300
\T1/ptm/m/n/10 type_seal,
 []


Overfull \hbox (8.64375pt too wide) in paragraph at lines 7300--7300
[]|\T1/ptm/m/n/10 nullPointerError| 
 []


Overfull \hbox (2.53403pt too wide) in paragraph at lines 7300--7300
[]|\T1/ptm/m/n/10 fct_proxy_null| 
 []


Underfull \hbox (badness 10000) in paragraph at lines 7300--7300
[]|\T1/ptm/m/n/10 (ptr_type,
 []


Underfull \hbox (badness 10000) in paragraph at lines 7300--7300
\T1/ptm/m/n/10 type_seal,
 []

[121] [122] <Chapter_5_Figure_5.png, id=949, 1029.8475pt x 130.4875pt>
File: Chapter_5_Figure_5.png Graphic file (type png)

<use Chapter_5_Figure_5.png>
Package pdftex.def Info: Chapter_5_Figure_5.png used on input line 7386.
(pdftex.def)             Requested size: 1029.845pt x 130.48717pt.
File: Chapter_5_Figure_5.png Graphic file (type png)
 <use Chapter_5_Figure_5.png>
Package pdftex.def Info: Chapter_5_Figure_5.png used on input line 7386.
(pdftex.def)             Requested size: 469.755pt x 59.51923pt.

<Chapter_5_Figure_6.png, id=950, 682.55pt x 208.78pt>
File: Chapter_5_Figure_6.png Graphic file (type png)

<use Chapter_5_Figure_6.png>
Package pdftex.def Info: Chapter_5_Figure_6.png used on input line 7399.
(pdftex.def)             Requested size: 682.54834pt x 208.77946pt.
File: Chapter_5_Figure_6.png Graphic file (type png)
 <use Chapter_5_Figure_6.png>
Package pdftex.def Info: Chapter_5_Figure_6.png used on input line 7399.
(pdftex.def)             Requested size: 469.755pt x 143.69197pt.
 [123 <./Chapter_5_Figure_5.png>]
LaTeX Font Info:    Font shape `T1/pcr/bx/n' in size <12> not available
(Font)              Font shape `T1/pcr/b/n' tried instead on input line 7442.
 [124 <./Chapter_5_Figure_6.png>]
Overfull \hbox (385.87938pt too wide) in paragraph at lines 7472--7472
[]
 []


Underfull \hbox (badness 10000) in paragraph at lines 7472--7472

 []

[125] [126

]
Chapter 8.
[127] [128]
Chapter 9.
[129

]
Overfull \hbox (19.38077pt too wide) in paragraph at lines 7861--7862
[] 
 []

[130] [131] [132]

Package longtable Warning: Column widths have changed
(longtable)                in table 9.1 on input line 8358.

[133] [134] [135] [136] [137]
Underfull \hbox (badness 5316) in paragraph at lines 9345--9345
\T1/ptm/m/n/10 e-ga-tee: Method-Holder: Ar-gu-
 []


Overfull \hbox (6.43443pt too wide) in paragraph at lines 9345--9345
[]|\T1/ptm/m/n/10 mismatchedArgumentCountSelector:
 []


Underfull \hbox (badness 5316) in paragraph at lines 9345--9345
\T1/ptm/m/n/10 e-ga-tee: Method-Holder: Ar-gu-
 []


Overfull \hbox (6.43443pt too wide) in paragraph at lines 9345--9345
[]|\T1/ptm/m/n/10 mismatchedArgumentCountSelector:
 []

[138] [139] <Chapter_5_Figure_7.png, id=1053, 682.55pt x 138.5175pt>
File: Chapter_5_Figure_7.png Graphic file (type png)

<use Chapter_5_Figure_7.png>
Package pdftex.def Info: Chapter_5_Figure_7.png used on input line 9759.
(pdftex.def)             Requested size: 682.54834pt x 138.51715pt.
File: Chapter_5_Figure_7.png Graphic file (type png)
 <use Chapter_5_Figure_7.png>
Package pdftex.def Info: Chapter_5_Figure_7.png used on input line 9759.
(pdftex.def)             Requested size: 469.755pt x 95.3341pt.
 [140]

LaTeX Warning: Hyper reference `ref:citations' on page 141 undefined on input l
ine 9899.


LaTeX Warning: Hyper reference `ref:citations' on page 141 undefined on input l
ine 9899.


LaTeX Warning: Hyper reference `ref:citations' on page 141 undefined on input l
ine 9899.


LaTeX Warning: Hyper reference `ref:citations' on page 141 undefined on input l
ine 9899.


LaTeX Warning: Hyper reference `ref:citations' on page 141 undefined on input l
ine 9899.


LaTeX Warning: Hyper reference `ref:citations' on page 141 undefined on input l
ine 9899.

[141 <./Chapter_5_Figure_7.png>] [142] [143]

Package longtable Warning: Column widths have changed
(longtable)                in table 9.3 on input line 10247.

[144]
No file SelfHandbook.ind.

Package longtable Warning: Table widths have changed. Rerun LaTeX.

Package atveryend Info: Empty hook `BeforeClearDocument' on input line 10299.
[145]
Package atveryend Info: Empty hook `AfterLastShipout' on input line 10299.
 (./SelfHandbook.aux)
Package atveryend Info: Executing hook `AtVeryEndDocument' on input line 10299.

Package atveryend Info: Executing hook `AtEndAfterFileList' on input line 10299
.


Package rerunfilecheck Warning: File `SelfHandbook.out' has changed.
(rerunfilecheck)                Rerun to get outlines right
(rerunfilecheck)                or use package `bookmark'.

Package rerunfilecheck Info: Checksums for `SelfHandbook.out':
(rerunfilecheck)             Before: <no file>
(rerunfilecheck)             After:  1645A92E9B454498F875B3EE38478196;4799.

LaTeX Warning: There were undefined references.


LaTeX Warning: Label(s) may have changed. Rerun to get cross-references right.

Package atveryend Info: Empty hook `AtVeryVeryEnd' on input line 10299.
 ) 
Here is how much of TeX's memory you used:
 9801 strings out of 493633
 139973 string characters out of 3143378
 246772 words of memory out of 3000000
 12403 multiletter control sequences out of 15000+200000
 76779 words of font info for 94 fonts, out of 3000000 for 9000
 832 hyphenation exceptions out of 8191
 36i,16n,45p,1545b,510s stack positions out of 5000i,500n,10000p,200000b,50000s
pdfTeX warning (dest): name{??} has been referenced but does not exist, repla
ced by a fixed one

{/usr/local/texlive/2011/texmf-dist/fonts/enc/dvips/base/8r.enc}{/usr/local/tex
live/2011/texmf-dist/fonts/enc/dvips/cm-super/cm-super-ts1.enc}</usr/local/texl
ive/2011/texmf-dist/fonts/type1/public/amsfonts/cm/cmmi10.pfb></usr/local/texli
ve/2011/texmf-dist/fonts/type1/public/amsfonts/cm/cmmi9.pfb></usr/local/texlive
/2011/texmf-dist/fonts/type1/public/amsfonts/cm/cmsy10.pfb></usr/local/texlive/
2011/texmf-dist/fonts/type1/public/cm-super/sfrm0900.pfb></usr/local/texlive/20
11/texmf-dist/fonts/type1/public/cm-super/sfrm1000.pfb></usr/local/texlive/2011
/texmf-dist/fonts/type1/urw/courier/ucrb8a.pfb></usr/local/texlive/2011/texmf-d
ist/fonts/type1/urw/courier/ucrr8a.pfb></usr/local/texlive/2011/texmf-dist/font
s/type1/urw/courier/ucrro8a.pfb></usr/local/texlive/2011/texmf-dist/fonts/type1
/urw/helvetic/uhvb8a.pfb></usr/local/texlive/2011/texmf-dist/fonts/type1/urw/he
lvetic/uhvbo8a.pfb></usr/local/texlive/2011/texmf-dist/fonts/type1/urw/times/ut
mb8a.pfb></usr/local/texlive/2011/texmf-dist/fonts/type1/urw/times/utmr8a.pfb><
/usr/local/texlive/2011/texmf-dist/fonts/type1/urw/times/utmri8a.pfb>
Output written on SelfHandbook.pdf (149 pages, 1554373 bytes).
PDF statistics:
 1234 PDF objects out of 1440 (max. 8388607)
 938 compressed objects within 10 object streams
 439 named destinations out of 1000 (max. 500000)
 331 words of extra memory for PDF output out of 10000 (max. 10000000)

