\BOOKMARK [0][-]{chapter.1}{\376\377\000I\000n\000t\000r\000o\000d\000u\000c\000t\000i\000o\000n}{}% 1
\BOOKMARK [1][-]{section.1.1}{\376\377\000H\000i\000s\000t\000o\000r\000y}{chapter.1}% 2
\BOOKMARK [1][-]{section.1.2}{\376\377\000S\000y\000s\000t\000e\000m\000\040\000O\000v\000e\000r\000v\000i\000e\000w}{chapter.1}% 3
\BOOKMARK [0][-]{chapter.2}{\376\377\000G\000e\000t\000t\000i\000n\000g\000\040\000S\000t\000a\000r\000t\000e\000d}{}% 4
\BOOKMARK [1][-]{section.2.1}{\376\377\000D\000o\000w\000n\000l\000o\000a\000d\000i\000n\000g\000\040\000P\000r\000e\000b\000u\000i\000l\000t\000\040\000V\000M\000\040\000a\000n\000d\000\040\000s\000n\000a\000p\000s\000h\000o\000t}{chapter.2}% 5
\BOOKMARK [1][-]{section.2.2}{\376\377\000R\000u\000n\000n\000i\000n\000g\000\040\000o\000n\000\040\000O\000S\000\040\000X}{chapter.2}% 6
\BOOKMARK [1][-]{section.2.3}{\376\377\000R\000u\000n\000n\000i\000n\000g\000\040\000o\000n\000\040\000L\000i\000n\000u\000x}{chapter.2}% 7
\BOOKMARK [1][-]{section.2.4}{\376\377\000B\000u\000i\000l\000d\000i\000n\000g\000\040\000y\000o\000u\000r\000\040\000o\000w\000n\000\040\000s\000y\000s\000t\000e\000m}{chapter.2}% 8
\BOOKMARK [0][-]{chapter.3}{\376\377\000L\000a\000n\000g\000u\000a\000g\000e\000\040\000R\000e\000f\000e\000r\000e\000n\000c\000e}{}% 9
\BOOKMARK [1][-]{section.3.1}{\376\377\000O\000b\000j\000e\000c\000t\000s}{chapter.3}% 10
\BOOKMARK [1][-]{section.3.2}{\376\377\000S\000l\000o\000t\000\040\000d\000e\000s\000c\000r\000i\000p\000t\000o\000r\000s}{chapter.3}% 11
\BOOKMARK [1][-]{section.3.3}{\376\377\000E\000x\000p\000r\000e\000s\000s\000i\000o\000n\000s}{chapter.3}% 12
\BOOKMARK [1][-]{section.3.4}{\376\377\000L\000e\000x\000i\000c\000a\000l\000\040\000e\000l\000e\000m\000e\000n\000t\000s}{chapter.3}% 13
\BOOKMARK [0][-]{chapter.4}{\376\377\000T\000h\000e\000\040\000S\000e\000l\000f\000\040\000W\000o\000r\000l\000d}{}% 14
\BOOKMARK [1][-]{section.4.1}{\376\377\000W\000o\000r\000l\000d\000\040\000O\000r\000g\000a\000n\000i\000z\000a\000t\000i\000o\000n}{chapter.4}% 15
\BOOKMARK [1][-]{section.4.2}{\376\377\000T\000h\000e\000\040\000R\000o\000o\000t\000s\000\040\000o\000f\000\040\000B\000e\000h\000a\000v\000i\000o\000r}{chapter.4}% 16
\BOOKMARK [1][-]{section.4.3}{\376\377\000B\000l\000o\000c\000k\000s\000,\000\040\000B\000o\000o\000l\000e\000a\000n\000s\000,\000\040\000a\000n\000d\000\040\000C\000o\000n\000t\000r\000o\000l\000\040\000S\000t\000r\000u\000c\000t\000u\000r\000e\000s}{chapter.4}% 17
\BOOKMARK [1][-]{section.4.4}{\376\377\000N\000u\000m\000b\000e\000r\000s\000\040\000a\000n\000d\000\040\000T\000i\000m\000e}{chapter.4}% 18
\BOOKMARK [1][-]{section.4.5}{\376\377\000C\000o\000l\000l\000e\000c\000t\000i\000o\000n\000s}{chapter.4}% 19
\BOOKMARK [1][-]{section.4.6}{\376\377\000P\000a\000i\000r\000s}{chapter.4}% 20
\BOOKMARK [1][-]{section.4.7}{\376\377\000M\000i\000r\000r\000o\000r\000s}{chapter.4}% 21
\BOOKMARK [1][-]{section.4.8}{\376\377\000M\000e\000s\000s\000a\000g\000e\000s}{chapter.4}% 22
\BOOKMARK [1][-]{section.4.9}{\376\377\000P\000r\000o\000c\000e\000s\000s\000e\000s\000\040\000a\000n\000d\000\040\000t\000h\000e\000\040\000P\000r\000o\000m\000p\000t}{chapter.4}% 23
\BOOKMARK [1][-]{section.4.10}{\376\377\000F\000o\000r\000e\000i\000g\000n\000\040\000O\000b\000j\000e\000c\000t\000s}{chapter.4}% 24
\BOOKMARK [1][-]{section.4.11}{\376\377\000I\000/\000O\000\040\000a\000n\000d\000\040\000U\000n\000i\000x}{chapter.4}% 25
\BOOKMARK [1][-]{section.4.12}{\376\377\000O\000t\000h\000e\000r\000\040\000O\000b\000j\000e\000c\000t\000s}{chapter.4}% 26
\BOOKMARK [1][-]{section.4.13}{\376\377\000H\000o\000w\000\040\000t\000o\000\040\000b\000u\000i\000l\000d\000\040\000t\000h\000e\000\040\000w\000o\000r\000l\000d}{chapter.4}% 27
\BOOKMARK [1][-]{section.4.14}{\376\377\000H\000o\000w\000\040\000t\000o\000\040\000u\000s\000e\000\040\000t\000h\000e\000\040\000l\000o\000w\000-\000l\000e\000v\000e\000l\000\040\000i\000n\000t\000e\000r\000r\000u\000p\000t\000\040\000f\000a\000c\000i\000l\000i\000t\000i\000e\000s}{chapter.4}% 28
\BOOKMARK [1][-]{section.4.15}{\376\377\000U\000s\000i\000n\000g\000\040\000t\000h\000e\000\040\000t\000e\000x\000t\000u\000a\000l\000\040\000d\000e\000b\000u\000g\000g\000e\000r}{chapter.4}% 29
\BOOKMARK [1][-]{section.4.16}{\376\377\000L\000o\000g\000g\000i\000n\000g}{chapter.4}% 30
\BOOKMARK [0][-]{chapter.5}{\376\377\000A\000\040\000G\000u\000i\000d\000e\000\040\000t\000o\000\040\000P\000r\000o\000g\000r\000a\000m\000m\000i\000n\000g\000\040\000S\000t\000y\000l\000e}{}% 31
\BOOKMARK [1][-]{section.5.1}{\376\377\000B\000e\000h\000a\000v\000i\000o\000r\000i\000s\000m\000\040\000v\000e\000r\000s\000u\000s\000\040\000R\000e\000f\000l\000e\000c\000t\000i\000o\000n}{chapter.5}% 32
\BOOKMARK [1][-]{section.5.2}{\376\377\000O\000b\000j\000e\000c\000t\000s\000\040\000H\000a\000v\000e\000\040\000M\000a\000n\000y\000\040\000R\000o\000l\000e\000s}{chapter.5}% 33
\BOOKMARK [1][-]{section.5.3}{\376\377\000N\000a\000m\000i\000n\000g\000\040\000a\000n\000d\000\040\000P\000r\000i\000n\000t\000i\000n\000g}{chapter.5}% 34
\BOOKMARK [1][-]{section.5.4}{\376\377\000H\000o\000w\000\040\000t\000o\000\040\000R\000e\000t\000u\000r\000n\000\040\000M\000u\000l\000t\000i\000p\000l\000e\000\040\000V\000a\000l\000u\000e\000s}{chapter.5}% 35
\BOOKMARK [1][-]{section.5.5}{\376\377\000S\000u\000b\000s\000t\000i\000t\000u\000t\000i\000n\000g\000\040\000V\000a\000l\000u\000e\000s\000\040\000f\000o\000r\000\040\000B\000l\000o\000c\000k\000s}{chapter.5}% 36
\BOOKMARK [1][-]{section.5.6}{\376\377\000n\000i\000l\000\040\000C\000o\000n\000s\000i\000d\000e\000r\000e\000d\000\040\000N\000a\000u\000g\000h\000t\000y}{chapter.5}% 37
\BOOKMARK [1][-]{section.5.7}{\376\377\000H\000a\000s\000h\000\040\000a\000n\000d\000\040\000=}{chapter.5}% 38
\BOOKMARK [1][-]{section.5.8}{\376\377\000E\000q\000u\000a\000l\000i\000t\000y\000,\000\040\000I\000d\000e\000n\000t\000i\000t\000y\000,\000\040\000a\000n\000d\000\040\000I\000n\000d\000i\000s\000t\000i\000n\000g\000u\000i\000s\000h\000a\000b\000i\000l\000i\000t\000y}{chapter.5}% 39
\BOOKMARK [0][-]{chapter.6}{\376\377\000H\000o\000w\000\040\000t\000o\000\040\000P\000r\000o\000g\000r\000a\000m\000\040\000i\000n\000\040\000S\000e\000l\000f}{}% 40
\BOOKMARK [1][-]{section.6.1}{\376\377\000I\000n\000t\000r\000o\000d\000u\000c\000t\000i\000o\000n}{chapter.6}% 41
\BOOKMARK [1][-]{section.6.2}{\376\377\000B\000r\000o\000w\000s\000i\000n\000g\000\040\000C\000o\000n\000c\000e\000p\000t\000s}{chapter.6}% 42
\BOOKMARK [1][-]{section.6.3}{\376\377\000H\000a\000c\000k\000i\000n\000g\000\040\000O\000b\000j\000e\000c\000t\000s}{chapter.6}% 43
\BOOKMARK [1][-]{section.6.4}{\376\377\000T\000h\000e\000\040\000T\000r\000a\000n\000s\000p\000o\000r\000t\000e\000r}{chapter.6}% 44
\BOOKMARK [0][-]{chapter.7}{\376\377\000M\000o\000r\000p\000h\000i\000c\000:\000\040\000T\000h\000e\000\040\000S\000e\000l\000f\000\040\000U\000s\000e\000r\000\040\000I\000n\000t\000e\000r\000f\000a\000c\000e\000\040\000F\000r\000a\000m\000e\000w\000o\000r\000k}{}% 45
\BOOKMARK [1][-]{section.7.1}{\376\377\000O\000v\000e\000r\000v\000i\000e\000w}{chapter.7}% 46
\BOOKMARK [1][-]{section.7.2}{\376\377\000C\000o\000m\000p\000o\000s\000i\000t\000e\000\040\000M\000o\000r\000p\000h\000s}{chapter.7}% 47
\BOOKMARK [1][-]{section.7.3}{\376\377\000M\000o\000r\000p\000h\000\040\000T\000r\000a\000i\000t\000s\000\040\000a\000n\000d\000\040\000P\000r\000o\000t\000o\000t\000y\000p\000e\000s}{chapter.7}% 48
\BOOKMARK [1][-]{section.7.4}{\376\377\000S\000a\000v\000i\000n\000g\000\040\000a\000\040\000C\000o\000m\000p\000o\000s\000i\000t\000e\000\040\000M\000o\000r\000p\000h}{chapter.7}% 49
\BOOKMARK [1][-]{section.7.5}{\376\377\000H\000a\000n\000d\000l\000i\000n\000g\000\040\000U\000s\000e\000r\000\040\000I\000n\000p\000u\000t}{chapter.7}% 50
\BOOKMARK [1][-]{section.7.6}{\376\377\000D\000r\000a\000g\000\040\000a\000n\000d\000\040\000D\000r\000o\000p}{chapter.7}% 51
\BOOKMARK [1][-]{section.7.7}{\376\377\000A\000u\000t\000o\000m\000a\000t\000i\000c\000\040\000L\000a\000y\000o\000u\000t}{chapter.7}% 52
\BOOKMARK [1][-]{section.7.8}{\376\377\000A\000n\000i\000m\000a\000t\000i\000o\000n}{chapter.7}% 53
\BOOKMARK [1][-]{section.7.9}{\376\377\000O\000t\000h\000e\000r\000\040\000I\000s\000s\000u\000e\000s}{chapter.7}% 54
\BOOKMARK [1][-]{section.7.10}{\376\377\000M\000o\000r\000p\000h\000\040\000R\000e\000s\000p\000o\000n\000s\000i\000b\000i\000l\000i\000t\000i\000e\000s}{chapter.7}% 55
\BOOKMARK [1][-]{section.7.11}{\376\377\000S\000o\000m\000e\000\040\000U\000s\000e\000f\000u\000l\000\040\000M\000o\000r\000p\000h\000s}{chapter.7}% 56
\BOOKMARK [1][-]{section.7.12}{\376\377\000T\000h\000e\000\040\000G\000r\000a\000p\000h\000i\000c\000a\000l\000\040\000E\000n\000v\000i\000r\000o\000n\000m\000e\000n\000t}{chapter.7}% 57
\BOOKMARK [0][-]{chapter.8}{\376\377\000V\000i\000r\000t\000u\000a\000l\000\040\000M\000a\000c\000h\000i\000n\000e\000\040\000R\000e\000f\000e\000r\000e\000n\000c\000e}{}% 58
\BOOKMARK [1][-]{section.8.1}{\376\377\000B\000u\000i\000l\000d\000i\000n\000g\000\040\000a\000\040\000V\000M}{chapter.8}% 59
\BOOKMARK [1][-]{section.8.2}{\376\377\000S\000t\000a\000r\000t\000u\000p\000\040\000o\000p\000t\000i\000o\000n\000s}{chapter.8}% 60
\BOOKMARK [1][-]{section.8.3}{\376\377\000S\000y\000s\000t\000e\000m\000-\000t\000r\000i\000g\000g\000e\000r\000e\000d\000\040\000m\000e\000s\000s\000a\000g\000e\000s}{chapter.8}% 61
\BOOKMARK [1][-]{section.8.4}{\376\377\000R\000u\000n\000-\000t\000i\000m\000e\000\040\000m\000e\000s\000s\000a\000g\000e\000\040\000l\000o\000o\000k\000u\000p\000\040\000e\000r\000r\000o\000r\000s}{chapter.8}% 62
\BOOKMARK [1][-]{section.8.5}{\376\377\000L\000o\000w\000-\000l\000e\000v\000e\000l\000\040\000e\000r\000r\000o\000r\000\040\000m\000e\000s\000s\000a\000g\000e\000s}{chapter.8}% 63
\BOOKMARK [1][-]{section.8.6}{\376\377\000A\000n\000\040\000e\000x\000a\000m\000p\000l\000e}{chapter.8}% 64
\BOOKMARK [1][-]{section.8.7}{\376\377\000L\000o\000o\000k\000u\000p\000\040\000e\000r\000r\000o\000r\000s}{chapter.8}% 65
\BOOKMARK [1][-]{section.8.8}{\376\377\000P\000r\000o\000g\000r\000a\000m\000m\000e\000r\000\040\000d\000e\000f\000i\000n\000e\000d\000\040\000e\000r\000r\000o\000r\000s}{chapter.8}% 66
\BOOKMARK [1][-]{section.8.9}{\376\377\000P\000r\000i\000m\000i\000t\000i\000v\000e\000\040\000e\000r\000r\000o\000r\000s}{chapter.8}% 67
\BOOKMARK [1][-]{section.8.10}{\376\377\000N\000o\000n\000r\000e\000c\000o\000v\000e\000r\000a\000b\000l\000e\000\040\000p\000r\000o\000c\000e\000s\000s\000\040\000e\000r\000r\000o\000r\000s}{chapter.8}% 68
\BOOKMARK [1][-]{section.8.11}{\376\377\000F\000a\000t\000a\000l\000\040\000e\000r\000r\000o\000r\000s}{chapter.8}% 69
\BOOKMARK [1][-]{section.8.12}{\376\377\000T\000h\000e\000\040\000i\000n\000i\000t\000i\000a\000l\000\040\000S\000e\000l\000f\000\040\000w\000o\000r\000l\000d}{chapter.8}% 70
\BOOKMARK [1][-]{section.8.13}{\376\377\000O\000p\000t\000i\000o\000n\000\040\000P\000r\000i\000m\000i\000t\000i\000v\000e\000s}{chapter.8}% 71
\BOOKMARK [1][-]{section.8.14}{\376\377\000I\000n\000t\000e\000r\000f\000a\000c\000i\000n\000g\000\040\000w\000i\000t\000h\000\040\000o\000t\000h\000e\000r\000\040\000l\000a\000n\000g\000u\000a\000g\000e\000s}{chapter.8}% 72
\BOOKMARK [0][-]{chapter.9}{\376\377\000R\000e\000f\000e\000r\000e\000n\000c\000e\000s}{}% 73
\BOOKMARK [0][-]{chapter.10}{\376\377\000A\000p\000p\000e\000n\000d\000i\000c\000e\000s}{}% 74
\BOOKMARK [1][-]{section.10.1}{\376\377\000G\000l\000o\000s\000s\000a\000r\000y}{chapter.10}% 75
\BOOKMARK [1][-]{section.10.2}{\376\377\000L\000e\000x\000i\000c\000a\000l\000\040\000o\000v\000e\000r\000v\000i\000e\000w}{chapter.10}% 76
\BOOKMARK [1][-]{section.10.3}{\376\377\000S\000y\000n\000t\000a\000x\000\040\000o\000v\000e\000r\000v\000i\000e\000w}{chapter.10}% 77
\BOOKMARK [1][-]{section.10.4}{\376\377\000B\000u\000i\000l\000t\000-\000i\000n\000\040\000t\000y\000p\000e\000s}{chapter.10}% 78
\BOOKMARK [1][-]{section.10.5}{\376\377\000U\000s\000e\000f\000u\000l\000\040\000S\000e\000l\000e\000c\000t\000o\000r\000s}{chapter.10}% 79
\BOOKMARK [1][-]{section.10.6}{\376\377\000E\000v\000e\000r\000y\000\040\000M\000e\000n\000u\000\040\000I\000t\000e\000m\000\040\000i\000n\000\040\000t\000h\000e\000\040\000P\000r\000o\000g\000r\000a\000m\000m\000i\000n\000g\000\040\000E\000n\000v\000i\000r\000o\000n\000m\000e\000n\000t}{chapter.10}% 80
\BOOKMARK [1][-]{section.10.7}{\376\377\000T\000h\000e\000\040\000s\000y\000s\000t\000e\000m\000\040\000m\000o\000n\000i\000t\000o\000r}{chapter.10}% 81
\BOOKMARK [1][-]{section.10.8}{\376\377\000P\000r\000i\000m\000i\000t\000i\000v\000e\000s}{chapter.10}% 82
\BOOKMARK [0][-]{chapter.11}{\376\377\000E\000x\000t\000r\000a\000s}{}% 83
\BOOKMARK [1][-]{section.11.1}{\376\377\000T\000h\000e\000\040\000O\000r\000i\000g\000i\000n\000a\000l\000\040\000S\000e\000l\000f\000\040\000U\000I}{chapter.11}% 84
